Log file open, 10/25/18 17:29:35
LogWindows: Failed to load 'aqProf.dll' (GetLastError=126)
LogWindows: File 'aqProf.dll' does not exist
LogWindows: Failed to load 'VSPerf140.dll' (GetLastError=126)
LogWindows: File 'VSPerf140.dll' does not exist
LogWindows: Failed to load 'VtuneApi.dll' (GetLastError=126)
LogWindows: File 'VtuneApi.dll' does not exist
LogWindows: Failed to load 'VtuneApi32e.dll' (GetLastError=126)
LogWindows: File 'VtuneApi32e.dll' does not exist
LogInit: Display: Running engine for game: Meditation_VR_1
LogPlatformFile: Not using cached read wrapper
LogTaskGraph: Started task graph with 5 named threads and 11 total threads with 3 sets of task threads.
LogStats: Stats thread started at 0.286541
LogD3D11RHI: Loaded GFSDK_Aftermath_Lib.x64.dll
LogICUInternationalization: Display: ICU TimeZone Detection - Raw Offset: +0:00, Platform Override: ''
LogPluginManager: Mounting plugin Paper2D
LogPluginManager: Mounting plugin AISupport
LogPluginManager: Mounting plugin LightPropagationVolume
LogPluginManager: Mounting plugin CLionSourceCodeAccess
LogPluginManager: Mounting plugin CodeLiteSourceCodeAccess
LogPluginManager: Mounting plugin GitSourceControl
LogPluginManager: Mounting plugin KDevelopSourceCodeAccess
LogPluginManager: Mounting plugin NullSourceCodeAccess
LogPluginManager: Mounting plugin PerforceSourceControl
LogPluginManager: Mounting plugin SubversionSourceControl
LogPluginManager: Mounting plugin UObjectPlugin
LogPluginManager: Mounting plugin VisualStudioCodeSourceCodeAccess
LogPluginManager: Mounting plugin VisualStudioSourceCodeAccess
LogPluginManager: Mounting plugin XCodeSourceCodeAccess
LogPluginManager: Mounting plugin AssetManagerEditor
LogPluginManager: Mounting plugin CryptoKeys
LogPluginManager: Mounting plugin DataValidation
LogPluginManager: Mounting plugin EditorScriptingUtilities
LogPluginManager: Mounting plugin FacialAnimation
LogPluginManager: Mounting plugin GameplayTagsEditor
LogPluginManager: Mounting plugin MacGraphicsSwitching
LogPluginManager: Mounting plugin MeshEditor
LogPluginManager: Mounting plugin MobileLauncherProfileWizard
LogPluginManager: Mounting plugin PluginBrowser
LogPluginManager: Mounting plugin SpeedTreeImporter
LogPluginManager: Mounting plugin DatasmithContent
LogPluginManager: Mounting plugin AlembicImporter
LogPluginManager: Mounting plugin AppleImageUtils
LogPluginManager: Mounting plugin AppleVision
LogPluginManager: Mounting plugin BackChannel
LogPluginManager: Mounting plugin CharacterAI
LogPluginManager: Mounting plugin GeometryCache
LogPluginManager: Mounting plugin HTML5Networking
LogPluginManager: Mounting plugin ProxyLODPlugin
LogPluginManager: Mounting plugin MagicLeap
LogPluginManager: Mounting plugin MagicLeapEmulator
LogPluginManager: Mounting plugin MagicLeapMedia
LogPluginManager: Mounting plugin AndroidMedia
LogPluginManager: Mounting plugin AvfMedia
LogPluginManager: Mounting plugin ImgMedia
LogPluginManager: Mounting plugin LinearTimecode
LogPluginManager: Mounting plugin MediaCompositing
LogPluginManager: Mounting plugin MediaPlayerEditor
LogPluginManager: Mounting plugin WmfMedia
LogPluginManager: Mounting plugin TcpMessaging
LogPluginManager: Mounting plugin UdpMessaging
LogPluginManager: Mounting plugin ActorSequence
LogPluginManager: Mounting plugin LevelSequenceEditor
LogPluginManager: Mounting plugin MatineeToLevelSequence
LogPluginManager: Mounting plugin NetcodeUnitTest
LogPluginManager: Mounting plugin NUTUnrealEngine4
LogPluginManager: Mounting plugin OnlineSubsystemGooglePlay
LogPluginManager: Mounting plugin OnlineSubsystemIOS
LogPluginManager: Mounting plugin OnlineSubsystem
LogPluginManager: Mounting plugin OnlineSubsystemNull
LogPluginManager: Mounting plugin OnlineSubsystemUtils
LogPluginManager: Mounting plugin LauncherChunkInstaller
LogPluginManager: Mounting plugin AndroidDeviceProfileSelector
LogPluginManager: Mounting plugin AndroidMoviePlayer
LogPluginManager: Mounting plugin AndroidPermission
LogPluginManager: Mounting plugin AppleMoviePlayer
LogPluginManager: Mounting plugin ArchVisCharacter
LogPluginManager: Mounting plugin AudioCapture
LogPluginManager: Mounting plugin CableComponent
LogPluginManager: Mounting plugin CustomMeshComponent
LogPluginManager: Mounting plugin EditableMesh
LogPluginManager: Mounting plugin ExampleDeviceProfileSelector
LogPluginManager: Mounting plugin GoogleCloudMessaging
LogPluginManager: Mounting plugin ImmediatePhysics
LogPluginManager: Mounting plugin IOSDeviceProfileSelector
LogPluginManager: Mounting plugin LinuxDeviceProfileSelector
LogPluginManager: Mounting plugin LocationServicesBPLibrary
LogPluginManager: Mounting plugin MobilePatchingUtils
LogPluginManager: Mounting plugin OculusVR
LogPluginManager: Plugin shader directory ../../../Engine/Plugins/Runtime/Oculus/OculusVR/Shaders found
LogPluginManager: Mapping shader source directory ../../../Engine/Plugins/Runtime/Oculus/OculusVR/Shaders to virtual directory /Plugin/OculusVR
LogPluginManager: Mounting plugin PhysXVehicles
LogPluginManager: Mounting plugin ProceduralMeshComponent
LogPluginManager: Mounting plugin RuntimePhysXCooking
LogPluginManager: Mounting plugin SteamVR
LogPluginManager: Mounting plugin WindowsMoviePlayer
LogPluginManager: Mounting plugin DatasmithCADImporter
LogPluginManager: Mounting plugin DatasmithFBXImporter
LogPluginManager: Mounting plugin DatasmithImporter
LogPluginManager: Mounting plugin DatasmithMDLImporter
LogPluginManager: Mounting plugin StaticMeshEditorExtension
LogStreaming: Display: Took  0.601s to configure plugins.
LogInit: Using libcurl 7.55.1-DEV
LogInit:  - built for x86_64-pc-win32
LogInit:  - supports SSL with OpenSSL/1.0.2h
LogInit:  - supports HTTP deflate (compression) using libz 1.2.8
LogInit:  - other features:
LogInit:      CURL_VERSION_SSL
LogInit:      CURL_VERSION_LIBZ
LogInit:      CURL_VERSION_IPV6
LogInit:      CURL_VERSION_ASYNCHDNS
LogInit:      CURL_VERSION_LARGEFILE
LogInit:      CURL_VERSION_IDN
LogInit:  CurlRequestOptions (configurable via config and command line):
LogInit:  - bVerifyPeer = false  - Libcurl will NOT verify peer certificate
LogInit:  - bUseHttpProxy = false  - Libcurl will NOT use HTTP proxy
LogInit:  - bDontReuseConnections = false  - Libcurl will reuse connections
LogInit:  - CertBundlePath = nullptr  - Libcurl will use whatever was configured at build time.
LogInit:  - MaxHostConnections = 16  - Libcurl will limit the number of connections to a host
LogInit:  - LocalHostAddr = Default
LogInit:  - BufferSize = 65536
LogInit: WinSock: version 1.1 (2.2), MaxSocks=32767, MaxUdp=65467
LogInit: Build: ++UE4+Release-4.20-CL-4369336
LogInit: Engine Version: 4.20.3-4369336+++UE4+Release-4.20
LogInit: Compatible Engine Version: 4.20.0-4212847+++UE4+Release-4.20
LogInit: Net CL: 4212847
LogInit: OS: Windows 10 (), CPU: Intel(R) Core(TM) i5-4210U CPU @ 1.70GHz, GPU: Intel(R) HD Graphics Family
LogInit: Compiled (64-bit): Sep 17 2018 12:26:19
LogInit: Compiled with Visual C++: 19.13.26129.00
LogInit: Build Configuration: Development
LogInit: Branch Name: ++UE4+Release-4.20
LogInit: Command Line: 
LogInit: Base Directory: C:/Program Files/Epic Games/UE_4.20/Engine/Binaries/Win64/
LogInit: Installed Engine Build: 1
LogDevObjectVersion: Number of dev versions registered: 20
LogDevObjectVersion:   Dev-Blueprints (B0D832E4-1F89-4F0D-ACCF-7EB736FD4AA2): 10
LogDevObjectVersion:   Dev-Build (E1C64328-A22C-4D53-A36C-8E866417BD8C): 0
LogDevObjectVersion:   Dev-Core (375EC13C-06E4-48FB-B500-84F0262A717E): 2
LogDevObjectVersion:   Dev-Editor (E4B068ED-F494-42E9-A231-DA0B2E46BB41): 24
LogDevObjectVersion:   Dev-Framework (CFFC743F-43B0-4480-9391-14DF171D2073): 34
LogDevObjectVersion:   Dev-Mobile (B02B49B5-BB20-44E9-A304-32B752E40360): 2
LogDevObjectVersion:   Dev-Networking (A4E4105C-59A1-49B5-A7C5-40C4547EDFEE): 0
LogDevObjectVersion:   Dev-Online (39C831C9-5AE6-47DC-9A44-9C173E1C8E7C): 0
LogDevObjectVersion:   Dev-Physics (78F01B33-EBEA-4F98-B9B4-84EACCB95AA2): 0
LogDevObjectVersion:   Dev-Platform (6631380F-2D4D-43E0-8009-CF276956A95A): 0
LogDevObjectVersion:   Dev-Rendering (12F88B9F-8875-4AFC-A67C-D90C383ABD29): 26
LogDevObjectVersion:   Dev-Sequencer (7B5AE74C-D270-4C10-A958-57980B212A5A): 9
LogDevObjectVersion:   Dev-VR (D7296918-1DD6-4BDD-9DE2-64A83CC13884): 2
LogDevObjectVersion:   Dev-LoadTimes (C2A15278-BFE7-4AFE-6C17-90FF531DF755): 1
LogDevObjectVersion:   Private-Geometry (6EACA3D4-40EC-4CC1-B786-8BED09428FC5): 3
LogDevObjectVersion:   Dev-AnimPhys (29E575DD-E0A3-4627-9D10-D276232CDCEA): 17
LogDevObjectVersion:   Dev-ReflectionCapture (6B266CEC-1EC7-4B8F-A30B-E4D90942FC07): 1
LogDevObjectVersion:   Dev-Automation (0DF73D61-A23F-47EA-B727-89E90C41499A): 1
LogDevObjectVersion:   FortniteMain (601D1886-AC64-4F84-AA16-D3DE0DEAC7D6): 12
LogDevObjectVersion:   Dev-Enterprise (9DFFBCD6-494F-0158-E221-12823C92A888): 1
LogStreaming: Display: Took  0.005s to delete old logs.
LogInit: Presizing for max 8388607 objects, including 0 objects not considered by GC, pre-allocating 0 bytes for permanent pool.
LogInit: Object subsystem initialized
[2018.10.25-16.29.39:736][  0]LogInit: Selected Device Profile: [Windows]
[2018.10.25-16.29.39:736][  0]LogInit: Applying CVar settings loaded from the selected device profile: [Windows]
[2018.10.25-16.29.39:814][  0]LogHAL: Display: Platform has ~ 8 GB [8513761280 / 8589934592 / 8], which maps to Default [LargestMinGB=32, LargerMinGB=12, DefaultMinGB=8, SmallerMinGB=6, SmallestMinGB=0)
[2018.10.25-16.29.39:814][  0]LogInit: Setting Device Profile CVar: [[r.Vulkan.UseRealUBs:1]]
[2018.10.25-16.29.39:814][  0]LogInit: Going up to parent DeviceProfile []
[2018.10.25-16.29.39:828][  0]LogInit: Computer: DESKTOP-8QDTUDL
[2018.10.25-16.29.39:828][  0]LogInit: User: Aidan
[2018.10.25-16.29.39:828][  0]LogInit: CPU Page size=4096, Cores=2
[2018.10.25-16.29.39:828][  0]LogInit: High frequency timer resolution =2.338342 MHz
[2018.10.25-16.29.39:828][  0]LogMemory: Memory total: Physical=7.9GB (8GB approx)
[2018.10.25-16.29.39:828][  0]LogMemory: Platform Memory Stats for Windows
[2018.10.25-16.29.39:828][  0]LogMemory: Process Physical Memory: 100.36 MB used, 100.36 MB peak
[2018.10.25-16.29.39:828][  0]LogMemory: Process Virtual Memory: 83.98 MB used, 83.98 MB peak
[2018.10.25-16.29.39:828][  0]LogMemory: Physical Memory: 2290.75 MB used,  5828.60 MB free, 8119.36 MB total
[2018.10.25-16.29.39:828][  0]LogMemory: Virtual Memory: 485.22 MB used,  5828.60 MB free, 134217728.00 MB total
[2018.10.25-16.29.40:644][  0]LogInit: Using OS detected language (en-US).
[2018.10.25-16.29.40:644][  0]LogInit: Using OS detected locale (en-GB).
[2018.10.25-16.29.40:682][  0]LogTextLocalizationManager: No specific localization for 'en-US' exists, so the 'en' localization will be used.
[2018.10.25-16.29.41:783][  0]LogStreaming: Display: Took  1.140s to InitEngineTextLocalization.
[2018.10.25-16.29.41:783][  0]LogInit: Setting process to per monitor DPI aware
[2018.10.25-16.29.42:318][  0]LogSlate: New Slate User Created.  User Index 0, Is Virtual User: 0
[2018.10.25-16.29.42:318][  0]LogSlate: Slate User Registered.  User Index 0, Is Virtual User: 0
[2018.10.25-16.29.46:072][  0]LogHMD: Failed to initialize OpenVR with code 110
[2018.10.25-16.29.46:072][  0]LogD3D11RHI: D3D11 adapters:
[2018.10.25-16.29.46:203][  0]LogD3D11RHI:    0. 'NVIDIA GeForce 840M' (Feature Level 11_0)
[2018.10.25-16.29.46:203][  0]LogD3D11RHI:       2010/0/4059 MB DedicatedVideo/DedicatedSystem/SharedSystem, Outputs:1, VendorId:0x10de
[2018.10.25-16.29.46:214][  0]LogD3D11RHI:    1. 'Intel(R) HD Graphics Family' (Feature Level 11_0)
[2018.10.25-16.29.46:214][  0]LogD3D11RHI:       112/0/2048 MB DedicatedVideo/DedicatedSystem/SharedSystem, Outputs:0, VendorId:0x8086
[2018.10.25-16.29.46:217][  0]LogD3D11RHI:    2. 'Microsoft Basic Render Driver' (Feature Level 11_0)
[2018.10.25-16.29.46:217][  0]LogD3D11RHI:       0/0/4059 MB DedicatedVideo/DedicatedSystem/SharedSystem, Outputs:0, VendorId:0x1414
[2018.10.25-16.29.46:217][  0]LogD3D11RHI: Chosen D3D11 Adapter: 0
[2018.10.25-16.29.46:226][  0]LogD3D11RHI: Creating new Direct3DDevice
[2018.10.25-16.29.46:226][  0]LogD3D11RHI:     GPU DeviceId: 0x1341 (for the marketing name, search the web for "GPU Device Id")
[2018.10.25-16.29.46:226][  0]LogWindows: EnumDisplayDevices:
[2018.10.25-16.29.46:227][  0]LogWindows:    0. 'Intel(R) HD Graphics Family' (P:1 D:1)
[2018.10.25-16.29.46:227][  0]LogWindows:    1. 'Intel(R) HD Graphics Family' (P:0 D:0)
[2018.10.25-16.29.46:227][  0]LogWindows:    2. 'Intel(R) HD Graphics Family' (P:0 D:0)
[2018.10.25-16.29.46:227][  0]LogWindows: DebugString: PrimaryIsNotTheChoosenAdapter PrimaryIsNotTheChoosenAdapter PrimaryIsNotTheChoosenAdapter FoundDriverCount:0 
[2018.10.25-16.29.46:227][  0]LogD3D11RHI:     Adapter Name: NVIDIA GeForce 840M
[2018.10.25-16.29.46:227][  0]LogD3D11RHI:   Driver Version: Unknown (internal:Unknown, unified:Unknown)
[2018.10.25-16.29.46:227][  0]LogD3D11RHI:      Driver Date: Unknown
[2018.10.25-16.29.46:227][  0]LogRHI: Texture pool is 1407 MB (70% of 2010 MB)
[2018.10.25-16.29.46:306][  0]LogD3D11RHI: Async texture creation enabled
[2018.10.25-16.29.46:326][  0]LogD3D11RHI: GPU Timing Frequency: 1000.000000 (Debug: 2 2)
[2018.10.25-16.29.46:327][  0]LogShaderCompilers: Guid format shader working directory is -20 characters bigger than the processId version (../../../../../../Users/Aidan/Documents/Meditation/Meditation_VR_1/Intermediate/Shaders/WorkingDirectory/7416/).
[2018.10.25-16.29.46:327][  0]LogShaderCompilers: Cleaned the shader compiler working directory 'C:/Users/Aidan/AppData/Local/Temp/UnrealShaderWorkingDir/141F64614978A7369FF2D4AB8F3FC14F/'.
[2018.10.25-16.29.47:687][  0]LogTemp: Display: Loaded TP AllDesktopTargetPlatform
[2018.10.25-16.29.47:768][  0]LogTemp: Display: Loaded TP MacClientTargetPlatform
[2018.10.25-16.29.47:854][  0]LogTemp: Display: Loaded TP MacNoEditorTargetPlatform
[2018.10.25-16.29.47:919][  0]LogTemp: Display: Loaded TP MacServerTargetPlatform
[2018.10.25-16.29.48:093][  0]LogTemp: Display: Loaded TP MacTargetPlatform
[2018.10.25-16.29.48:206][  0]LogTemp: Display: Loaded TP WindowsClientTargetPlatform
[2018.10.25-16.29.48:291][  0]LogTemp: Display: Loaded TP WindowsNoEditorTargetPlatform
[2018.10.25-16.29.48:326][  0]LogTemp: Display: Loaded TP WindowsServerTargetPlatform
[2018.10.25-16.29.48:377][  0]LogTemp: Display: Loaded TP WindowsTargetPlatform
[2018.10.25-16.29.48:756][  0]LogTemp: Display: Loaded TP AndroidTargetPlatform
[2018.10.25-16.29.48:756][  0]LogTemp: Display: Loaded TP AndroidTargetPlatform
[2018.10.25-16.29.48:756][  0]LogTemp: Display: Loaded TP AndroidTargetPlatform
[2018.10.25-16.29.48:756][  0]LogTemp: Display: Loaded TP AndroidTargetPlatform
[2018.10.25-16.29.48:756][  0]LogTemp: Display: Loaded TP AndroidTargetPlatform
[2018.10.25-16.29.48:756][  0]LogTemp: Display: Loaded TP AndroidTargetPlatform
[2018.10.25-16.29.48:756][  0]LogTemp: Display: Loaded TP AndroidTargetPlatform
[2018.10.25-16.29.48:756][  0]LogTemp: Display: Loaded TP AndroidTargetPlatform
[2018.10.25-16.29.48:756][  0]LogTemp: Display: Loaded TP AndroidTargetPlatform
[2018.10.25-16.29.48:756][  0]LogTemp: Display: Loaded TP AndroidTargetPlatform
[2018.10.25-16.29.48:756][  0]LogTemp: Display: Loaded TP AndroidTargetPlatform
[2018.10.25-16.29.48:756][  0]LogTemp: Display: Loaded TP AndroidTargetPlatform
[2018.10.25-16.29.48:756][  0]LogTemp: Display: Loaded TP AndroidTargetPlatform
[2018.10.25-16.29.48:756][  0]LogTemp: Display: Loaded TP AndroidTargetPlatform
[2018.10.25-16.29.48:756][  0]LogTemp: Display: Loaded TP AndroidTargetPlatform
[2018.10.25-16.29.48:756][  0]LogTemp: Display: Loaded TP AndroidTargetPlatform
[2018.10.25-16.29.48:756][  0]LogTemp: Display: Loaded TP AndroidTargetPlatform
[2018.10.25-16.29.48:756][  0]LogTemp: Display: Loaded TP AndroidTargetPlatform
[2018.10.25-16.29.48:853][  0]LogTemp: Display: Loaded TP HTML5TargetPlatform
[2018.10.25-16.29.49:140][  0]LogTemp: Display: Loaded TP IOSTargetPlatform
[2018.10.25-16.29.49:140][  0]LogTemp: Display: Loaded TP IOSTargetPlatform
[2018.10.25-16.29.49:275][  0]LogTemp: Display: Loaded TP TVOSTargetPlatform
[2018.10.25-16.29.49:275][  0]LogTemp: Display: Loaded TP TVOSTargetPlatform
[2018.10.25-16.29.49:327][  0]LogTemp: Display: Loaded TP LinuxClientTargetPlatform
[2018.10.25-16.29.49:391][  0]LogTemp: Display: Loaded TP LinuxNoEditorTargetPlatform
[2018.10.25-16.29.49:513][  0]LogTemp: Display: Loaded TP LinuxServerTargetPlatform
[2018.10.25-16.29.49:673][  0]LogTemp: Display: Loaded TP LinuxTargetPlatform
[2018.10.25-16.29.49:850][  0]LogTemp: Display: Loaded TP LuminTargetPlatform
[2018.10.25-16.29.49:850][  0]LogTargetPlatformManager: Display: Building Assets For Windows
[2018.10.25-16.29.51:566][  0]LogXGEController: Cleaning working directory: C:/Users/Aidan/AppData/Local/Temp/UnrealXGEWorkingDir/
[2018.10.25-16.29.51:566][  0]LogXGEController: Cannot use XGE Controller as Incredibuild is not installed on this machine.
[2018.10.25-16.29.51:566][  0]LogShaderCompilers: Cannot use XGE Shader Compiler as Incredibuild is not installed on this machine.
[2018.10.25-16.29.51:566][  0]LogShaderCompilers: Display: Using Local Shader Compiler.
[2018.10.25-16.30.00:801][  0]LogDerivedDataCache: Display: Max Cache Size: 512 MB
[2018.10.25-16.30.01:726][  0]LogDerivedDataCache: Loaded boot cache 0.92s 72MB C:/Users/Aidan/AppData/Local/UnrealEngine/4.20/DerivedDataCache/Boot.ddc.
[2018.10.25-16.30.01:726][  0]LogDerivedDataCache: Display: Loaded Boot cache: C:/Users/Aidan/AppData/Local/UnrealEngine/4.20/DerivedDataCache/Boot.ddc
[2018.10.25-16.30.01:727][  0]LogDerivedDataCache: FDerivedDataBackendGraph:  Pak pak cache file ../../../../../../Users/Aidan/Documents/Meditation/Meditation_VR_1/DerivedDataCache/DDC.ddp not found, will not use a pak cache.
[2018.10.25-16.30.01:727][  0]LogDerivedDataCache: Unable to find inner node Pak for hierarchical cache Hierarchy.
[2018.10.25-16.30.01:727][  0]LogDerivedDataCache: FDerivedDataBackendGraph:  CompressedPak pak cache file ../../../../../../Users/Aidan/Documents/Meditation/Meditation_VR_1/DerivedDataCache/Compressed.ddp not found, will not use a pak cache.
[2018.10.25-16.30.01:727][  0]LogDerivedDataCache: Unable to find inner node CompressedPak for hierarchical cache Hierarchy.
[2018.10.25-16.30.01:834][  0]LogDerivedDataCache: Display: Pak cache opened for reading ../../../Engine/DerivedDataCache/Compressed.ddp.
[2018.10.25-16.30.01:847][  0]LogDerivedDataCache: Using Local data cache path C:/Users/Aidan/AppData/Local/UnrealEngine/Common/DerivedDataCache: Writable
[2018.10.25-16.30.01:847][  0]LogDerivedDataCache: Shared data cache path not found in *engine.ini, will not use an Shared cache.
[2018.10.25-16.30.01:847][  0]LogDerivedDataCache: Unable to find inner node Shared for hierarchical cache Hierarchy.
[2018.10.25-16.30.01:885][  0]LogMaterial: Verifying Global Shaders for PCD3D_SM5
[2018.10.25-16.30.01:887][  0]LogSlate: Using FreeType 2.6.0
[2018.10.25-16.30.01:976][  0]LogSlate: SlateFontServices - WITH_FREETYPE: 1, WITH_HARFBUZZ: 1
[2018.10.25-16.30.02:915][  0]LogAssetRegistry: FAssetRegistry took 0.0334 seconds to start up
[2018.10.25-16.30.03:627][  0]LogInit: Selected Device Profile: [Windows]
[2018.10.25-16.30.07:715][  0]LogSimplygon: Simplygon DLL not present - disabling.
[2018.10.25-16.30.07:862][  0]LogMeshReduction: Using SimplygonSwarm for distributed automatic mesh merging
[2018.10.25-16.30.07:862][  0]LogMeshReduction: Using ProxyLODMeshReduction for automatic mesh merging
[2018.10.25-16.30.07:862][  0]LogMeshReduction: Using QuadricMeshReduction for automatic static mesh reduction
[2018.10.25-16.30.07:862][  0]LogMeshReduction: No automatic skeletal mesh reduction module available
[2018.10.25-16.30.08:174][  0]LogNetVersion: Meditation_VR_1 1.0.0, NetCL: 4212847, EngineNetVer: 5, GameNetVer: 0 (Checksum: 699418697)
[2018.10.25-16.30.13:015][  0]LogPackageLocalizationCache: Processed 13 localized package path(s) for 2 prioritized culture(s) in 0.472635 seconds
[2018.10.25-16.30.13:035][  0]LogUObjectArray: 38425 objects as part of root set at end of initial load.
[2018.10.25-16.30.13:035][  0]LogUObjectAllocator: 6690872 out of 0 bytes used by permanent object pool.
[2018.10.25-16.30.13:035][  0]LogUObjectArray: CloseDisregardForGC: 0/0 objects in disregard for GC pool
[2018.10.25-16.30.26:965][  0]LogTcpMessaging: Initializing TcpMessaging bridge
[2018.10.25-16.30.27:039][  0]LogUdpMessaging: Initializing bridge on interface 0.0.0.0:0 to multicast group 230.0.0.1:6666.
[2018.10.25-16.30.29:187][  0]SourceControl: Source control is disabled
[2018.10.25-16.30.29:187][  0]SourceControl: Source control is disabled
[2018.10.25-16.30.29:278][  0]SourceControl: Source control is disabled
[2018.10.25-16.30.29:327][  0]SourceControl: Source control is disabled
[2018.10.25-16.30.31:714][  0]LogAndroidPermission: UAndroidPermissionCallbackProxy::GetInstance
[2018.10.25-16.30.32:014][  0]LogOcInput: OculusInput pre-init called
[2018.10.25-16.30.38:220][  0]LogEngine: Initializing Engine...
[2018.10.25-16.30.38:236][  0]LogHMD: Failed to initialize OpenVR with code 110
[2018.10.25-16.30.38:238][  0]LogStats: UGameplayTagsManager::ConstructGameplayTagTree: ImportINI prefixes -  0.000 s
[2018.10.25-16.30.38:238][  0]LogStats: UGameplayTagsManager::ConstructGameplayTagTree: Construct from data asset -  0.000 s
[2018.10.25-16.30.38:238][  0]LogStats: UGameplayTagsManager::ConstructGameplayTagTree: ImportINI -  0.000 s
[2018.10.25-16.30.38:238][  0]LogStats: UGameplayTagsManager::ConstructGameplayTagTree: GameplayTagTreeChangedEvent.Broadcast -  0.000 s
[2018.10.25-16.30.39:436][  0]LogInit: Initializing FReadOnlyCVARCache
[2018.10.25-16.30.39:536][  0]LogAIModule: Creating AISystem for world Untitled
[2018.10.25-16.30.39:549][  0]LogInit: XAudio2 using 'Speakers (Realtek High Definition Audio)' : 2 channels at 48 kHz using 32 bits per sample (channel mask 0x3)
[2018.10.25-16.30.39:872][  0]LogInit: FAudioDevice initialized.
[2018.10.25-16.30.39:873][  0]LogNetVersion: Set ProjectVersion to 1.0.0.0. Version Checksum will be recalculated on next use.
[2018.10.25-16.30.40:104][  0]LogDerivedDataCache: Saved boot cache 0.23s 72MB C:/Users/Aidan/AppData/Local/UnrealEngine/4.20/DerivedDataCache/Boot.ddc.
[2018.10.25-16.30.40:127][  0]LogInit: Texture streaming: Enabled
[2018.10.25-16.30.40:691][  0]LogEngineSessionManager: EngineSessionManager initialized
[2018.10.25-16.30.40:788][  0]LogInit: Transaction tracking system initialized
[2018.10.25-16.30.41:409][  0]BlueprintLog: New page: Editor Load
[2018.10.25-16.30.43:842][  0]LocalizationService: Localization service is disabled
[2018.10.25-16.30.48:879][  0]LogCook: Display: Max memory allowance for cook 16384mb min free memory 0mb
[2018.10.25-16.30.48:879][  0]LogCook: Display: Mobile HDR setting 1
[2018.10.25-16.30.48:879][  0]LogGameplayTags: Display: UGameplayTagsManager::DoneAddingNativeTags. DelegateIsBound: 0
[2018.10.25-16.30.48:880][  0]LogStats: UGameplayTagsManager::ConstructGameplayTagTree: ImportINI prefixes -  0.000 s
[2018.10.25-16.30.48:880][  0]LogStats: UGameplayTagsManager::ConstructGameplayTagTree: Construct from data asset -  0.000 s
[2018.10.25-16.30.48:880][  0]LogStats: UGameplayTagsManager::ConstructGameplayTagTree: ImportINI -  0.000 s
[2018.10.25-16.30.48:880][  0]LogStats: UGameplayTagsManager::ConstructGameplayTagTree: GameplayTagTreeChangedEvent.Broadcast -  0.000 s
[2018.10.25-16.30.49:865][  0]LogFileCache: Scanning file cache for directory 'C:/Users/Aidan/Documents/Meditation/Meditation_VR_1/Content/' took 0.03s
[2018.10.25-16.30.55:210][  0]SourceControl: Source control is disabled
[2018.10.25-16.30.55:210][  0]Cmd: MAP LOAD FILE="../../../Engine/Content/Maps/Templates/Template_Default.umap" TEMPLATE=1 SHOWPROGRESS=1 FEATURELEVEL=3
[2018.10.25-16.30.55:246][  0]LightingResults: New page: Lighting Build
[2018.10.25-16.30.55:254][  0]MapCheck: New page: Map Check
[2018.10.25-16.30.55:254][  0]LightingResults: New page: Lighting Build
[2018.10.25-16.30.56:490][  0]LogAIModule: Creating AISystem for world Untitled_1
[2018.10.25-16.30.56:594][  0]LogEditorServer: Finished looking for orphan Actors (0.000 secs)
[2018.10.25-16.30.56:646][  0]Cmd: MAP CHECKDEP NOCLEARLOG
[2018.10.25-16.30.56:724][  0]MapCheck: Map check complete: 0 Error(s), 0 Warning(s), took 77.848ms to complete.
[2018.10.25-16.30.56:724][  0]LogFileHelpers: Loading map 'Template_Default' took 1.514
[2018.10.25-16.30.57:158][  0]LogSlate: Updating window title bar state: overlay mode, drag disabled, window buttons hidden, title bar hidden
[2018.10.25-16.30.57:191][  0]LogSlate: Updating window title bar state: overlay mode, drag disabled, window buttons hidden, title bar hidden
[2018.10.25-16.30.57:221][  0]LogSlate: Updating window title bar state: overlay mode, drag disabled, window buttons hidden, title bar hidden
[2018.10.25-16.30.57:253][  0]LogSlate: Updating window title bar state: overlay mode, drag disabled, window buttons hidden, title bar hidden
[2018.10.25-16.30.57:477][  0]LogCollectionManager: Loaded 0 collections in 0.004730 seconds
[2018.10.25-16.30.57:533][  0]LogFileCache: Scanning file cache for directory 'C:/Users/Aidan/Documents/Meditation/Meditation_VR_1/Saved/Collections/' took 0.01s
[2018.10.25-16.30.57:533][  0]LogFileCache: Scanning file cache for directory 'C:/Users/Aidan/Documents/Meditation/Meditation_VR_1/Content/Developers/Aidan/Collections/' took 0.01s
[2018.10.25-16.30.57:533][  0]LogFileCache: Scanning file cache for directory 'C:/Users/Aidan/Documents/Meditation/Meditation_VR_1/Content/Collections/' took 0.01s
[2018.10.25-16.30.57:533][  0]LogCollectionManager: Rebuilt the GUID cache for 0 collections in 0.000001 seconds
[2018.10.25-16.30.57:573][  0]LogContentBrowser: Native class hierarchy populated in 0.0392 seconds. Added 2625 classes and 633 folders.
[2018.10.25-16.30.57:599][  0]LogContentBrowser: Native class hierarchy updated for 'WidgetCarousel' in 0.0011 seconds. Added 0 classes and 0 folders.
[2018.10.25-16.30.59:757][  0]LogContentBrowser: Native class hierarchy updated for 'AddContentDialog' in 0.0011 seconds. Added 0 classes and 0 folders.
[2018.10.25-16.30.59:802][  0]LogSlate: Took 0.026028 seconds to synchronously load lazily loaded font '../../../Engine/Content/Slate/Fonts/Roboto-Regular.ttf' (155K)
[2018.10.25-16.30.59:824][  0]LogSlate: Took 0.017594 seconds to synchronously load lazily loaded font '../../../Engine/Content/Slate/Fonts/Roboto-Bold.ttf' (160K)
[2018.10.25-16.30.59:871][  0]LogSlate: Took 0.033133 seconds to synchronously load lazily loaded font '../../../Engine/Content/Editor/Slate/Fonts/FontAwesome.ttf' (139K)
[2018.10.25-16.31.00:578][  0]LogRenderer: Reallocating scene render targets to support 836x380 Format 10 NumSamples 1 (Frame:1).
[2018.10.25-16.31.00:981][  0]LogContentBrowser: Native class hierarchy updated for 'HierarchicalLODOutliner' in 0.0012 seconds. Added 0 classes and 0 folders.
[2018.10.25-16.31.00:981][  0]LogLoad: (Engine Initialization) Total time: 90.98 seconds
[2018.10.25-16.31.00:981][  0]LogLoad: (Engine Initialization) Total Blueprint compile time: 0.00 seconds
[2018.10.25-16.31.01:029][  0]LogContentStreaming: Texture pool size now 1000 MB
[2018.10.25-16.31.01:143][  0]LogSlate: Took 0.012988 seconds to synchronously load lazily loaded font '../../../Engine/Content/Slate/Fonts/Roboto-Light.ttf' (167K)
[2018.10.25-16.31.01:533][  4]LogAssetRegistry: Asset discovery search completed in 58.6403 seconds
[2018.10.25-16.31.01:535][  4]LogCollectionManager: Rebuilt the object cache for 0 collections in 0.000000 seconds (found 0 objects)
[2018.10.25-16.31.01:535][  4]LogCollectionManager: Fixed up redirectors for 0 collections in 0.000068 seconds (updated 0 objects)
[2018.10.25-16.31.37:630][931]LogSlate: FSceneViewport::OnFocusLost() reason 0
[2018.10.25-16.31.43:099][418]LogSlate: Took 0.000269 seconds to synchronously load lazily loaded font '../../../Engine/Content/Slate/Fonts/Roboto-Light.ttf' (167K)
[2018.10.25-16.31.43:114][418]LogAssetEditorManager: Opening Asset editor for Class /Script/Meditation_VR_1.VRCharacter
[2018.10.25-16.46.24:637][942]LogHotReload: New module detected: UE4Editor-Meditation_VR_1-4250-Win64-DebugGame.dll
[2018.10.25-16.46.27:364][951]LogHotReload: Starting Hot-Reload from IDE
[2018.10.25-16.46.27:599][951]LogClass: Could not find existing class HandController in package /Script/Meditation_VR_1 for HotReload, assuming new class
[2018.10.25-16.46.27:602][951]LogClass: Could not find existing class VRCharacter in package /Script/Meditation_VR_1 for HotReload, assuming new class
[2018.10.25-16.46.27:646][951]LogHotReload: Re-instancing HandController after hot-reload.
[2018.10.25-16.46.28:501][951]LogHotReload: Re-instancing VRCharacter after hot-reload.
[2018.10.25-16.46.28:581][951]LogContentBrowser: Native class hierarchy updated for 'Meditation_VR_1' in 0.0006 seconds. Added 3 classes and 2 folders.
[2018.10.25-16.46.28:584][951]Display: HotReload successful (0 functions remapped  0 scriptstructs remapped)
[2018.10.25-16.46.28:712][951]LogContentBrowser: Native class hierarchy populated in 0.0140 seconds. Added 2625 classes and 633 folders.
[2018.10.25-16.46.28:924][951]Display: HotReload took  1.6s.
[2018.10.25-16.46.35:850][102]Candidate modules for hot reload:
[2018.10.25-16.46.35:850][102]  Meditation_VR_1
[2018.10.25-16.46.35:851][102]Launching UnrealBuildTool... [C:/Program Files/Epic Games/UE_4.20/Engine/Binaries/DotNET/UnrealBuildTool.exe  -ModuleWithSuffix=Meditation_VR_1,959 Win64 Development -TargetType=Editor -Project="../../../../../../Users/Aidan/Documents/Meditation/Meditation_VR_1/Meditation_VR_1.uproject" -canskiplink "C:/Users/Aidan/Documents/Meditation/Meditation_VR_1/Meditation_VR_1.uproject" ]
[2018.10.25-16.46.35:853][102]Warning: Starting HotReload took  0.2s.
[2018.10.25-16.49.52:797][442]CompilerResultsLog: New page: Compilation - 25 Oct 2018 18:49:52
[2018.10.25-16.49.52:797][442]CompilerResultsLog: Performing full C++ include scan (hot reloading a new target)
[2018.10.25-16.49.52:797][442]CompilerResultsLog: Using 'git status' to determine working set for adaptive non-unity build.
[2018.10.25-16.49.52:797][442]CompilerResultsLog: Compiling game modules for hot reload
[2018.10.25-16.49.52:797][442]CompilerResultsLog: Building 7 actions with 4 processes...
[2018.10.25-16.49.52:797][442]CompilerResultsLog:   [1/7] Meditation_VR_1.init.gen.cpp
[2018.10.25-16.49.52:797][442]CompilerResultsLog:   [2/7] HandController.cpp
[2018.10.25-16.49.52:798][442]CompilerResultsLog:   [3/7] VRCharacter.cpp
[2018.10.25-16.49.52:798][442]CompilerResultsLog:   [4/7] HandController.gen.cpp
[2018.10.25-16.49.52:798][442]CompilerResultsLog:   [5/7] VRCharacter.gen.cpp
[2018.10.25-16.49.52:798][442]CompilerResultsLog:   [6/7] UE4Editor-Meditation_VR_1-959.lib
[2018.10.25-16.49.52:798][442]CompilerResultsLog:      Creating library C:\Users\Aidan\Documents\Meditation\Meditation_VR_1\Intermediate\Build\Win64\UE4Editor\Development\Meditation_VR_1\UE4Editor-Meditation_VR_1-959.lib and object C:\Users\Aidan\Documents\Meditation\Meditation_VR_1\Intermediate\Build\Win64\UE4Editor\Development\Meditation_VR_1\UE4Editor-Meditation_VR_1-959.exp
[2018.10.25-16.49.52:798][442]CompilerResultsLog:   [7/7] UE4Editor-Meditation_VR_1-959.dll
[2018.10.25-16.49.52:798][442]CompilerResultsLog:      Creating library C:\Users\Aidan\Documents\Meditation\Meditation_VR_1\Intermediate\Build\Win64\UE4Editor\Development\Meditation_VR_1\UE4Editor-Meditation_VR_1-959.suppressed.lib and object C:\Users\Aidan\Documents\Meditation\Meditation_VR_1\Intermediate\Build\Win64\UE4Editor\Development\Meditation_VR_1\UE4Editor-Meditation_VR_1-959.suppressed.exp
[2018.10.25-16.49.52:798][442]CompilerResultsLog: Total build time: 196.19 seconds (Parallel executor: 189.98 seconds)
[2018.10.25-16.49.52:798][442]LogMainFrame: MainFrame: Module compiling took 196.952 seconds
[2018.10.25-16.49.52:869][442]LogContentBrowser: Native class hierarchy updated for 'Meditation_VR_1' in 0.0008 seconds. Added 3 classes and 2 folders.
[2018.10.25-16.49.52:873][442]Display: HotReload successful (0 functions remapped  0 scriptstructs remapped)
[2018.10.25-16.49.53:025][442]LogContentBrowser: Native class hierarchy populated in 0.0141 seconds. Added 2625 classes and 633 folders.
[2018.10.25-16.49.53:031][442]Display: HotReload took 197.3s.
[2018.10.25-16.50.04:781][486]LogPlayLevel: PlayLevel: No blueprints needed recompiling
[2018.10.25-16.50.05:004][486]PIE: New page: PIE session: Untitled_1 (25 Oct 2018 18:50:05)
[2018.10.25-16.50.05:005][486]LogPlayLevel: Creating play world package: /Temp/UEDPIE_0_Untitled_1
[2018.10.25-16.50.05:119][486]LogPlayLevel: PIE: StaticDuplicateObject took: (0.113958s)
[2018.10.25-16.50.05:120][486]LogAIModule: Creating AISystem for world Untitled_1
[2018.10.25-16.50.05:183][486]LogPlayLevel: PIE: World Init took: (0.064617s)
[2018.10.25-16.50.05:196][486]LogPlayLevel: PIE: Created PIE world by copying editor world from /Temp/Untitled_1.Untitled_1 to /Temp/UEDPIE_0_Untitled_1.Untitled_1 (0.191363s)
[2018.10.25-16.50.05:376][486]LogInit: XAudio2 using 'Speakers (Realtek High Definition Audio)' : 2 channels at 48 kHz using 32 bits per sample (channel mask 0x3)
[2018.10.25-16.50.05:397][486]LogInit: FAudioDevice initialized.
[2018.10.25-16.50.05:624][486]LogLoad: Game class is 'VRGameMode_C'
[2018.10.25-16.50.05:869][486]LogWorld: Bringing World /Temp/UEDPIE_0_Untitled_1.Untitled_1 up for play (max tick rate 0) at 2018.10.25-17.50.05
[2018.10.25-16.50.05:951][486]LogWorld: Bringing up level for play took: 0.082677
[2018.10.25-16.50.06:436][486]LogContentBrowser: Native class hierarchy updated for 'MovieSceneCapture' in 0.0005 seconds. Added 10 classes and 0 folders.
[2018.10.25-16.50.07:084][486]LogSpawn: Warning: SpawnActor failed because no class was specified
[2018.10.25-16.50.07:084][486]LogSpawn: Warning: SpawnActor failed because no class was specified
[2018.10.25-16.50.07:131][486]PIE: Play in editor start time for /Temp/UEDPIE_0_Untitled_1 1.974
[2018.10.25-16.50.22:200][819]LogSlate: Updating window title bar state: overlay mode, drag disabled, window buttons hidden, title bar hidden
[2018.10.25-16.50.22:438][819]LogPlayLevel: Display: Shutting down PIE online subsystems
[2018.10.25-16.50.22:580][819]LogSlate: Updating window title bar state: overlay mode, drag disabled, window buttons hidden, title bar hidden
[2018.10.25-16.50.22:750][820]LogPlayLevel: Display: Destroying online subsystem :Context_1
[2018.10.25-18.51.44:970][260]LogD3D11RHI: Timed out while waiting for GPU to catch up. (500 ms)
[2018.10.25-18.56.46:022][157]LogSlate: FSceneViewport::OnFocusLost() reason 2
