Log file open, 10/24/18 19:25:28
LogWindows: Failed to load 'aqProf.dll' (GetLastError=126)
LogWindows: File 'aqProf.dll' does not exist
LogWindows: Failed to load 'VSPerf140.dll' (GetLastError=126)
LogWindows: File 'VSPerf140.dll' does not exist
LogWindows: Failed to load 'VtuneApi.dll' (GetLastError=126)
LogWindows: File 'VtuneApi.dll' does not exist
LogWindows: Failed to load 'VtuneApi32e.dll' (GetLastError=126)
LogWindows: File 'VtuneApi32e.dll' does not exist
LogInit: Display: Running engine for game: Meditation_VR_1
LogPlatformFile: Not using cached read wrapper
LogTaskGraph: Started task graph with 5 named threads and 11 total threads with 3 sets of task threads.
LogStats: Stats thread started at 0.171530
LogD3D11RHI: Loaded GFSDK_Aftermath_Lib.x64.dll
LogICUInternationalization: Display: ICU TimeZone Detection - Raw Offset: +0:00, Platform Override: ''
LogPluginManager: Mounting plugin Paper2D
LogPluginManager: Mounting plugin AISupport
LogPluginManager: Mounting plugin LightPropagationVolume
LogPluginManager: Mounting plugin CLionSourceCodeAccess
LogPluginManager: Mounting plugin CodeLiteSourceCodeAccess
LogPluginManager: Mounting plugin GitSourceControl
LogPluginManager: Mounting plugin KDevelopSourceCodeAccess
LogPluginManager: Mounting plugin NullSourceCodeAccess
LogPluginManager: Mounting plugin PerforceSourceControl
LogPluginManager: Mounting plugin SubversionSourceControl
LogPluginManager: Mounting plugin UObjectPlugin
LogPluginManager: Mounting plugin VisualStudioCodeSourceCodeAccess
LogPluginManager: Mounting plugin VisualStudioSourceCodeAccess
LogPluginManager: Mounting plugin XCodeSourceCodeAccess
LogPluginManager: Mounting plugin AssetManagerEditor
LogPluginManager: Mounting plugin CryptoKeys
LogPluginManager: Mounting plugin DataValidation
LogPluginManager: Mounting plugin EditorScriptingUtilities
LogPluginManager: Mounting plugin FacialAnimation
LogPluginManager: Mounting plugin GameplayTagsEditor
LogPluginManager: Mounting plugin MacGraphicsSwitching
LogPluginManager: Mounting plugin MeshEditor
LogPluginManager: Mounting plugin MobileLauncherProfileWizard
LogPluginManager: Mounting plugin PluginBrowser
LogPluginManager: Mounting plugin SpeedTreeImporter
LogPluginManager: Mounting plugin DatasmithContent
LogPluginManager: Mounting plugin AlembicImporter
LogPluginManager: Mounting plugin AppleImageUtils
LogPluginManager: Mounting plugin AppleVision
LogPluginManager: Mounting plugin BackChannel
LogPluginManager: Mounting plugin CharacterAI
LogPluginManager: Mounting plugin GeometryCache
LogPluginManager: Mounting plugin HTML5Networking
LogPluginManager: Mounting plugin ProxyLODPlugin
LogPluginManager: Mounting plugin MagicLeap
LogPluginManager: Mounting plugin MagicLeapEmulator
LogPluginManager: Mounting plugin MagicLeapMedia
LogPluginManager: Mounting plugin AndroidMedia
LogPluginManager: Mounting plugin AvfMedia
LogPluginManager: Mounting plugin ImgMedia
LogPluginManager: Mounting plugin LinearTimecode
LogPluginManager: Mounting plugin MediaCompositing
LogPluginManager: Mounting plugin MediaPlayerEditor
LogPluginManager: Mounting plugin WmfMedia
LogPluginManager: Mounting plugin TcpMessaging
LogPluginManager: Mounting plugin UdpMessaging
LogPluginManager: Mounting plugin ActorSequence
LogPluginManager: Mounting plugin LevelSequenceEditor
LogPluginManager: Mounting plugin MatineeToLevelSequence
LogPluginManager: Mounting plugin NetcodeUnitTest
LogPluginManager: Mounting plugin NUTUnrealEngine4
LogPluginManager: Mounting plugin OnlineSubsystemGooglePlay
LogPluginManager: Mounting plugin OnlineSubsystemIOS
LogPluginManager: Mounting plugin OnlineSubsystem
LogPluginManager: Mounting plugin OnlineSubsystemNull
LogPluginManager: Mounting plugin OnlineSubsystemUtils
LogPluginManager: Mounting plugin LauncherChunkInstaller
LogPluginManager: Mounting plugin AndroidDeviceProfileSelector
LogPluginManager: Mounting plugin AndroidMoviePlayer
LogPluginManager: Mounting plugin AndroidPermission
LogPluginManager: Mounting plugin AppleMoviePlayer
LogPluginManager: Mounting plugin ArchVisCharacter
LogPluginManager: Mounting plugin AudioCapture
LogPluginManager: Mounting plugin CableComponent
LogPluginManager: Mounting plugin CustomMeshComponent
LogPluginManager: Mounting plugin EditableMesh
LogPluginManager: Mounting plugin ExampleDeviceProfileSelector
LogPluginManager: Mounting plugin GoogleCloudMessaging
LogPluginManager: Mounting plugin ImmediatePhysics
LogPluginManager: Mounting plugin IOSDeviceProfileSelector
LogPluginManager: Mounting plugin LinuxDeviceProfileSelector
LogPluginManager: Mounting plugin LocationServicesBPLibrary
LogPluginManager: Mounting plugin MobilePatchingUtils
LogPluginManager: Mounting plugin OculusVR
LogPluginManager: Plugin shader directory ../../../Engine/Plugins/Runtime/Oculus/OculusVR/Shaders found
LogPluginManager: Mapping shader source directory ../../../Engine/Plugins/Runtime/Oculus/OculusVR/Shaders to virtual directory /Plugin/OculusVR
LogPluginManager: Mounting plugin PhysXVehicles
LogPluginManager: Mounting plugin ProceduralMeshComponent
LogPluginManager: Mounting plugin RuntimePhysXCooking
LogPluginManager: Mounting plugin SteamVR
LogPluginManager: Mounting plugin WindowsMoviePlayer
LogPluginManager: Mounting plugin DatasmithCADImporter
LogPluginManager: Mounting plugin DatasmithFBXImporter
LogPluginManager: Mounting plugin DatasmithImporter
LogPluginManager: Mounting plugin DatasmithMDLImporter
LogPluginManager: Mounting plugin StaticMeshEditorExtension
LogStreaming: Display: Took  0.769s to configure plugins.
LogInit: Using libcurl 7.55.1-DEV
LogInit:  - built for x86_64-pc-win32
LogInit:  - supports SSL with OpenSSL/1.0.2h
LogInit:  - supports HTTP deflate (compression) using libz 1.2.8
LogInit:  - other features:
LogInit:      CURL_VERSION_SSL
LogInit:      CURL_VERSION_LIBZ
LogInit:      CURL_VERSION_IPV6
LogInit:      CURL_VERSION_ASYNCHDNS
LogInit:      CURL_VERSION_LARGEFILE
LogInit:      CURL_VERSION_IDN
LogInit:  CurlRequestOptions (configurable via config and command line):
LogInit:  - bVerifyPeer = false  - Libcurl will NOT verify peer certificate
LogInit:  - bUseHttpProxy = false  - Libcurl will NOT use HTTP proxy
LogInit:  - bDontReuseConnections = false  - Libcurl will reuse connections
LogInit:  - CertBundlePath = nullptr  - Libcurl will use whatever was configured at build time.
LogInit:  - MaxHostConnections = 16  - Libcurl will limit the number of connections to a host
LogInit:  - LocalHostAddr = Default
LogInit:  - BufferSize = 65536
LogInit: WinSock: version 1.1 (2.2), MaxSocks=32767, MaxUdp=65467
LogInit: Build: ++UE4+Release-4.20-CL-4369336
LogInit: Engine Version: 4.20.3-4369336+++UE4+Release-4.20
LogInit: Compatible Engine Version: 4.20.0-4212847+++UE4+Release-4.20
LogInit: Net CL: 4212847
LogInit: OS: Windows 10 (), CPU: Intel(R) Core(TM) i5-4210U CPU @ 1.70GHz, GPU: Intel(R) HD Graphics Family
LogInit: Compiled (64-bit): Sep 17 2018 12:26:19
LogInit: Compiled with Visual C++: 19.13.26129.00
LogInit: Build Configuration: Development
LogInit: Branch Name: ++UE4+Release-4.20
LogInit: Command Line:  
LogInit: Base Directory: C:/Program Files/Epic Games/UE_4.20/Engine/Binaries/Win64/
LogInit: Installed Engine Build: 1
LogDevObjectVersion: Number of dev versions registered: 20
LogDevObjectVersion:   Dev-Blueprints (B0D832E4-1F89-4F0D-ACCF-7EB736FD4AA2): 10
LogDevObjectVersion:   Dev-Build (E1C64328-A22C-4D53-A36C-8E866417BD8C): 0
LogDevObjectVersion:   Dev-Core (375EC13C-06E4-48FB-B500-84F0262A717E): 2
LogDevObjectVersion:   Dev-Editor (E4B068ED-F494-42E9-A231-DA0B2E46BB41): 24
LogDevObjectVersion:   Dev-Framework (CFFC743F-43B0-4480-9391-14DF171D2073): 34
LogDevObjectVersion:   Dev-Mobile (B02B49B5-BB20-44E9-A304-32B752E40360): 2
LogDevObjectVersion:   Dev-Networking (A4E4105C-59A1-49B5-A7C5-40C4547EDFEE): 0
LogDevObjectVersion:   Dev-Online (39C831C9-5AE6-47DC-9A44-9C173E1C8E7C): 0
LogDevObjectVersion:   Dev-Physics (78F01B33-EBEA-4F98-B9B4-84EACCB95AA2): 0
LogDevObjectVersion:   Dev-Platform (6631380F-2D4D-43E0-8009-CF276956A95A): 0
LogDevObjectVersion:   Dev-Rendering (12F88B9F-8875-4AFC-A67C-D90C383ABD29): 26
LogDevObjectVersion:   Dev-Sequencer (7B5AE74C-D270-4C10-A958-57980B212A5A): 9
LogDevObjectVersion:   Dev-VR (D7296918-1DD6-4BDD-9DE2-64A83CC13884): 2
LogDevObjectVersion:   Dev-LoadTimes (C2A15278-BFE7-4AFE-6C17-90FF531DF755): 1
LogDevObjectVersion:   Private-Geometry (6EACA3D4-40EC-4CC1-B786-8BED09428FC5): 3
LogDevObjectVersion:   Dev-AnimPhys (29E575DD-E0A3-4627-9D10-D276232CDCEA): 17
LogDevObjectVersion:   Dev-ReflectionCapture (6B266CEC-1EC7-4B8F-A30B-E4D90942FC07): 1
LogDevObjectVersion:   Dev-Automation (0DF73D61-A23F-47EA-B727-89E90C41499A): 1
LogDevObjectVersion:   FortniteMain (601D1886-AC64-4F84-AA16-D3DE0DEAC7D6): 12
LogDevObjectVersion:   Dev-Enterprise (9DFFBCD6-494F-0158-E221-12823C92A888): 1
LogStreaming: Display: Took  0.779s to delete old logs.
LogInit: Presizing for max 8388607 objects, including 0 objects not considered by GC, pre-allocating 0 bytes for permanent pool.
LogInit: Object subsystem initialized
[2018.10.24-18.25.30:486][  0]LogInit: Selected Device Profile: [Windows]
[2018.10.24-18.25.30:486][  0]LogInit: Applying CVar settings loaded from the selected device profile: [Windows]
[2018.10.24-18.25.30:608][  0]LogHAL: Display: Platform has ~ 8 GB [8513761280 / 8589934592 / 8], which maps to Default [LargestMinGB=32, LargerMinGB=12, DefaultMinGB=8, SmallerMinGB=6, SmallestMinGB=0)
[2018.10.24-18.25.30:608][  0]LogInit: Setting Device Profile CVar: [[r.Vulkan.UseRealUBs:1]]
[2018.10.24-18.25.30:608][  0]LogInit: Going up to parent DeviceProfile []
[2018.10.24-18.25.30:610][  0]LogInit: Computer: DESKTOP-8QDTUDL
[2018.10.24-18.25.30:610][  0]LogInit: User: Aidan
[2018.10.24-18.25.30:610][  0]LogInit: CPU Page size=4096, Cores=2
[2018.10.24-18.25.30:610][  0]LogInit: High frequency timer resolution =2.338337 MHz
[2018.10.24-18.25.30:611][  0]LogMemory: Memory total: Physical=7.9GB (8GB approx)
[2018.10.24-18.25.30:611][  0]LogMemory: Platform Memory Stats for Windows
[2018.10.24-18.25.30:611][  0]LogMemory: Process Physical Memory: 100.04 MB used, 100.04 MB peak
[2018.10.24-18.25.30:611][  0]LogMemory: Process Virtual Memory: 83.78 MB used, 83.78 MB peak
[2018.10.24-18.25.30:611][  0]LogMemory: Physical Memory: 3694.09 MB used,  4425.27 MB free, 8119.36 MB total
[2018.10.24-18.25.30:611][  0]LogMemory: Virtual Memory: 485.22 MB used,  4425.27 MB free, 134217728.00 MB total
[2018.10.24-18.25.30:661][  0]LogInit: Using OS detected language (en-US).
[2018.10.24-18.25.30:661][  0]LogInit: Using OS detected locale (en-GB).
[2018.10.24-18.25.30:663][  0]LogTextLocalizationManager: No specific localization for 'en-US' exists, so the 'en' localization will be used.
[2018.10.24-18.25.31:665][  0]LogStreaming: Display: Took  1.004s to InitEngineTextLocalization.
[2018.10.24-18.25.31:665][  0]LogInit: Setting process to per monitor DPI aware
[2018.10.24-18.25.31:729][  0]LogSlate: New Slate User Created.  User Index 0, Is Virtual User: 0
[2018.10.24-18.25.31:729][  0]LogSlate: Slate User Registered.  User Index 0, Is Virtual User: 0
[2018.10.24-18.25.31:976][  0]LogHMD: Failed to initialize OpenVR with code 110
[2018.10.24-18.25.31:976][  0]LogD3D11RHI: D3D11 adapters:
[2018.10.24-18.25.32:140][  0]LogD3D11RHI:    0. 'NVIDIA GeForce 840M' (Feature Level 11_0)
[2018.10.24-18.25.32:140][  0]LogD3D11RHI:       2010/0/4059 MB DedicatedVideo/DedicatedSystem/SharedSystem, Outputs:1, VendorId:0x10de
[2018.10.24-18.25.32:148][  0]LogD3D11RHI:    1. 'Intel(R) HD Graphics Family' (Feature Level 11_0)
[2018.10.24-18.25.32:149][  0]LogD3D11RHI:       112/0/2048 MB DedicatedVideo/DedicatedSystem/SharedSystem, Outputs:0, VendorId:0x8086
[2018.10.24-18.25.32:150][  0]LogD3D11RHI:    2. 'Microsoft Basic Render Driver' (Feature Level 11_0)
[2018.10.24-18.25.32:150][  0]LogD3D11RHI:       0/0/4059 MB DedicatedVideo/DedicatedSystem/SharedSystem, Outputs:0, VendorId:0x1414
[2018.10.24-18.25.32:150][  0]LogD3D11RHI: Chosen D3D11 Adapter: 0
[2018.10.24-18.25.32:156][  0]LogD3D11RHI: Creating new Direct3DDevice
[2018.10.24-18.25.32:156][  0]LogD3D11RHI:     GPU DeviceId: 0x1341 (for the marketing name, search the web for "GPU Device Id")
[2018.10.24-18.25.32:156][  0]LogWindows: EnumDisplayDevices:
[2018.10.24-18.25.32:156][  0]LogWindows:    0. 'Intel(R) HD Graphics Family' (P:1 D:1)
[2018.10.24-18.25.32:157][  0]LogWindows:    1. 'Intel(R) HD Graphics Family' (P:0 D:0)
[2018.10.24-18.25.32:157][  0]LogWindows:    2. 'Intel(R) HD Graphics Family' (P:0 D:0)
[2018.10.24-18.25.32:157][  0]LogWindows: DebugString: PrimaryIsNotTheChoosenAdapter PrimaryIsNotTheChoosenAdapter PrimaryIsNotTheChoosenAdapter FoundDriverCount:0 
[2018.10.24-18.25.32:157][  0]LogD3D11RHI:     Adapter Name: NVIDIA GeForce 840M
[2018.10.24-18.25.32:157][  0]LogD3D11RHI:   Driver Version: Unknown (internal:Unknown, unified:Unknown)
[2018.10.24-18.25.32:157][  0]LogD3D11RHI:      Driver Date: Unknown
[2018.10.24-18.25.32:157][  0]LogRHI: Texture pool is 1407 MB (70% of 2010 MB)
[2018.10.24-18.25.32:215][  0]LogD3D11RHI: Async texture creation enabled
[2018.10.24-18.25.32:236][  0]LogD3D11RHI: GPU Timing Frequency: 1000.000000 (Debug: 2 2)
[2018.10.24-18.25.32:237][  0]LogShaderCompilers: Guid format shader working directory is 13 characters bigger than the processId version (F:/New Meditation/Meditation_VR_1/Intermediate/Shaders/WorkingDirectory/3200/).
[2018.10.24-18.25.32:237][  0]LogShaderCompilers: Cleaned the shader compiler working directory 'C:/Users/Aidan/AppData/Local/Temp/UnrealShaderWorkingDir/96C19F294A01DC73E86C73A2CCC5C863/'.
[2018.10.24-18.25.32:555][  0]LogTemp: Display: Loaded TP AllDesktopTargetPlatform
[2018.10.24-18.25.32:572][  0]LogTemp: Display: Loaded TP MacClientTargetPlatform
[2018.10.24-18.25.32:589][  0]LogTemp: Display: Loaded TP MacNoEditorTargetPlatform
[2018.10.24-18.25.32:606][  0]LogTemp: Display: Loaded TP MacServerTargetPlatform
[2018.10.24-18.25.32:625][  0]LogTemp: Display: Loaded TP MacTargetPlatform
[2018.10.24-18.25.32:642][  0]LogTemp: Display: Loaded TP WindowsClientTargetPlatform
[2018.10.24-18.25.32:659][  0]LogTemp: Display: Loaded TP WindowsNoEditorTargetPlatform
[2018.10.24-18.25.32:676][  0]LogTemp: Display: Loaded TP WindowsServerTargetPlatform
[2018.10.24-18.25.32:684][  0]LogTemp: Display: Loaded TP WindowsTargetPlatform
[2018.10.24-18.25.32:785][  0]LogTemp: Display: Loaded TP AndroidTargetPlatform
[2018.10.24-18.25.32:785][  0]LogTemp: Display: Loaded TP AndroidTargetPlatform
[2018.10.24-18.25.32:785][  0]LogTemp: Display: Loaded TP AndroidTargetPlatform
[2018.10.24-18.25.32:785][  0]LogTemp: Display: Loaded TP AndroidTargetPlatform
[2018.10.24-18.25.32:785][  0]LogTemp: Display: Loaded TP AndroidTargetPlatform
[2018.10.24-18.25.32:785][  0]LogTemp: Display: Loaded TP AndroidTargetPlatform
[2018.10.24-18.25.32:785][  0]LogTemp: Display: Loaded TP AndroidTargetPlatform
[2018.10.24-18.25.32:785][  0]LogTemp: Display: Loaded TP AndroidTargetPlatform
[2018.10.24-18.25.32:785][  0]LogTemp: Display: Loaded TP AndroidTargetPlatform
[2018.10.24-18.25.32:785][  0]LogTemp: Display: Loaded TP AndroidTargetPlatform
[2018.10.24-18.25.32:785][  0]LogTemp: Display: Loaded TP AndroidTargetPlatform
[2018.10.24-18.25.32:785][  0]LogTemp: Display: Loaded TP AndroidTargetPlatform
[2018.10.24-18.25.32:785][  0]LogTemp: Display: Loaded TP AndroidTargetPlatform
[2018.10.24-18.25.32:785][  0]LogTemp: Display: Loaded TP AndroidTargetPlatform
[2018.10.24-18.25.32:785][  0]LogTemp: Display: Loaded TP AndroidTargetPlatform
[2018.10.24-18.25.32:785][  0]LogTemp: Display: Loaded TP AndroidTargetPlatform
[2018.10.24-18.25.32:785][  0]LogTemp: Display: Loaded TP AndroidTargetPlatform
[2018.10.24-18.25.32:785][  0]LogTemp: Display: Loaded TP AndroidTargetPlatform
[2018.10.24-18.25.32:786][  0]LogTemp: Display: Loaded TP HTML5TargetPlatform
[2018.10.24-18.25.32:854][  0]LogTemp: Display: Loaded TP IOSTargetPlatform
[2018.10.24-18.25.32:854][  0]LogTemp: Display: Loaded TP IOSTargetPlatform
[2018.10.24-18.25.32:905][  0]LogTemp: Display: Loaded TP TVOSTargetPlatform
[2018.10.24-18.25.32:905][  0]LogTemp: Display: Loaded TP TVOSTargetPlatform
[2018.10.24-18.25.32:949][  0]LogTemp: Display: Loaded TP LinuxClientTargetPlatform
[2018.10.24-18.25.32:972][  0]LogTemp: Display: Loaded TP LinuxNoEditorTargetPlatform
[2018.10.24-18.25.32:988][  0]LogTemp: Display: Loaded TP LinuxServerTargetPlatform
[2018.10.24-18.25.33:005][  0]LogTemp: Display: Loaded TP LinuxTargetPlatform
[2018.10.24-18.25.33:018][  0]LogTemp: Display: Loaded TP LuminTargetPlatform
[2018.10.24-18.25.33:018][  0]LogTargetPlatformManager: Display: Building Assets For Windows
[2018.10.24-18.25.33:082][  0]LogXGEController: Cleaning working directory: C:/Users/Aidan/AppData/Local/Temp/UnrealXGEWorkingDir/
[2018.10.24-18.25.33:082][  0]LogXGEController: Cannot use XGE Controller as Incredibuild is not installed on this machine.
[2018.10.24-18.25.33:082][  0]LogShaderCompilers: Cannot use XGE Shader Compiler as Incredibuild is not installed on this machine.
[2018.10.24-18.25.33:082][  0]LogShaderCompilers: Display: Using Local Shader Compiler.
[2018.10.24-18.25.34:193][  0]LogDerivedDataCache: Display: Max Cache Size: 512 MB
[2018.10.24-18.25.34:283][  0]LogDerivedDataCache: Loaded boot cache 0.09s 72MB C:/Users/Aidan/AppData/Local/UnrealEngine/4.20/DerivedDataCache/Boot.ddc.
[2018.10.24-18.25.34:283][  0]LogDerivedDataCache: Display: Loaded Boot cache: C:/Users/Aidan/AppData/Local/UnrealEngine/4.20/DerivedDataCache/Boot.ddc
[2018.10.24-18.25.34:283][  0]LogDerivedDataCache: FDerivedDataBackendGraph:  Pak pak cache file F:/New Meditation/Meditation_VR_1/DerivedDataCache/DDC.ddp not found, will not use a pak cache.
[2018.10.24-18.25.34:283][  0]LogDerivedDataCache: Unable to find inner node Pak for hierarchical cache Hierarchy.
[2018.10.24-18.25.34:283][  0]LogDerivedDataCache: FDerivedDataBackendGraph:  CompressedPak pak cache file F:/New Meditation/Meditation_VR_1/DerivedDataCache/Compressed.ddp not found, will not use a pak cache.
[2018.10.24-18.25.34:283][  0]LogDerivedDataCache: Unable to find inner node CompressedPak for hierarchical cache Hierarchy.
[2018.10.24-18.25.34:301][  0]LogDerivedDataCache: Display: Pak cache opened for reading ../../../Engine/DerivedDataCache/Compressed.ddp.
[2018.10.24-18.25.34:313][  0]LogDerivedDataCache: Using Local data cache path C:/Users/Aidan/AppData/Local/UnrealEngine/Common/DerivedDataCache: Writable
[2018.10.24-18.25.34:313][  0]LogDerivedDataCache: Shared data cache path not found in *engine.ini, will not use an Shared cache.
[2018.10.24-18.25.34:313][  0]LogDerivedDataCache: Unable to find inner node Shared for hierarchical cache Hierarchy.
[2018.10.24-18.25.34:347][  0]LogMaterial: Verifying Global Shaders for PCD3D_SM5
[2018.10.24-18.25.34:348][  0]LogSlate: Using FreeType 2.6.0
[2018.10.24-18.25.34:350][  0]LogSlate: SlateFontServices - WITH_FREETYPE: 1, WITH_HARFBUZZ: 1
[2018.10.24-18.25.34:771][  0]LogAssetRegistry: FAssetRegistry took 0.3604 seconds to start up
[2018.10.24-18.25.35:326][  0]LogInit: Selected Device Profile: [Windows]
[2018.10.24-18.25.35:502][  0]LogSimplygon: Simplygon DLL not present - disabling.
[2018.10.24-18.25.35:507][  0]LogMeshReduction: Using SimplygonSwarm for distributed automatic mesh merging
[2018.10.24-18.25.35:507][  0]LogMeshReduction: Using ProxyLODMeshReduction for automatic mesh merging
[2018.10.24-18.25.35:507][  0]LogMeshReduction: Using QuadricMeshReduction for automatic static mesh reduction
[2018.10.24-18.25.35:507][  0]LogMeshReduction: No automatic skeletal mesh reduction module available
[2018.10.24-18.25.35:525][  0]LogNetVersion: Meditation_VR_1 1.0.0, NetCL: 4212847, EngineNetVer: 5, GameNetVer: 0 (Checksum: 699418697)
[2018.10.24-18.25.38:823][  0]LogPackageLocalizationCache: Processed 13 localized package path(s) for 2 prioritized culture(s) in 1.975538 seconds
[2018.10.24-18.25.38:843][  0]LogUObjectArray: 38425 objects as part of root set at end of initial load.
[2018.10.24-18.25.38:843][  0]LogUObjectAllocator: 6690872 out of 0 bytes used by permanent object pool.
[2018.10.24-18.25.38:843][  0]LogUObjectArray: CloseDisregardForGC: 0/0 objects in disregard for GC pool
[2018.10.24-18.25.41:200][  0]LogTcpMessaging: Initializing TcpMessaging bridge
[2018.10.24-18.25.41:214][  0]LogUdpMessaging: Initializing bridge on interface 0.0.0.0:0 to multicast group 230.0.0.1:6666.
[2018.10.24-18.25.43:957][  0]SourceControl: Source control is disabled
[2018.10.24-18.25.43:958][  0]SourceControl: Source control is disabled
[2018.10.24-18.25.44:059][  0]SourceControl: Source control is disabled
[2018.10.24-18.25.44:103][  0]SourceControl: Source control is disabled
[2018.10.24-18.25.48:174][  0]LogAndroidPermission: UAndroidPermissionCallbackProxy::GetInstance
[2018.10.24-18.25.48:636][  0]LogOcInput: OculusInput pre-init called
[2018.10.24-18.25.56:001][  0]LogEngine: Initializing Engine...
[2018.10.24-18.25.56:004][  0]LogHMD: Failed to initialize OpenVR with code 110
[2018.10.24-18.25.56:010][  0]LogStats: UGameplayTagsManager::ConstructGameplayTagTree: ImportINI prefixes -  0.000 s
[2018.10.24-18.25.56:010][  0]LogStats: UGameplayTagsManager::ConstructGameplayTagTree: Construct from data asset -  0.000 s
[2018.10.24-18.25.56:010][  0]LogStats: UGameplayTagsManager::ConstructGameplayTagTree: ImportINI -  0.000 s
[2018.10.24-18.25.56:010][  0]LogStats: UGameplayTagsManager::ConstructGameplayTagTree: GameplayTagTreeChangedEvent.Broadcast -  0.000 s
[2018.10.24-18.25.57:362][  0]LogInit: Initializing FReadOnlyCVARCache
[2018.10.24-18.25.57:438][  0]LogAIModule: Creating AISystem for world Untitled
[2018.10.24-18.25.57:447][  0]LogInit: XAudio2 using 'Speakers (Realtek High Definition Audio)' : 2 channels at 48 kHz using 32 bits per sample (channel mask 0x3)
[2018.10.24-18.25.57:518][  0]LogInit: FAudioDevice initialized.
[2018.10.24-18.25.57:519][  0]LogNetVersion: Set ProjectVersion to 1.0.0.0. Version Checksum will be recalculated on next use.
[2018.10.24-18.25.57:739][  0]LogDerivedDataCache: Saved boot cache 0.22s 72MB C:/Users/Aidan/AppData/Local/UnrealEngine/4.20/DerivedDataCache/Boot.ddc.
[2018.10.24-18.25.57:769][  0]LogInit: Texture streaming: Enabled
[2018.10.24-18.25.57:993][  0]LogEngineSessionManager: EngineSessionManager initialized
[2018.10.24-18.25.58:094][  0]LogInit: Transaction tracking system initialized
[2018.10.24-18.25.58:335][  0]BlueprintLog: New page: Editor Load
[2018.10.24-18.25.59:939][  0]LocalizationService: Localization service is disabled
[2018.10.24-18.26.05:589][  0]LogCook: Display: Max memory allowance for cook 16384mb min free memory 0mb
[2018.10.24-18.26.05:590][  0]LogCook: Display: Mobile HDR setting 1
[2018.10.24-18.26.05:590][  0]LogGameplayTags: Display: UGameplayTagsManager::DoneAddingNativeTags. DelegateIsBound: 0
[2018.10.24-18.26.05:590][  0]LogStats: UGameplayTagsManager::ConstructGameplayTagTree: ImportINI prefixes -  0.000 s
[2018.10.24-18.26.05:590][  0]LogStats: UGameplayTagsManager::ConstructGameplayTagTree: Construct from data asset -  0.000 s
[2018.10.24-18.26.05:590][  0]LogStats: UGameplayTagsManager::ConstructGameplayTagTree: ImportINI -  0.000 s
[2018.10.24-18.26.05:590][  0]LogStats: UGameplayTagsManager::ConstructGameplayTagTree: GameplayTagTreeChangedEvent.Broadcast -  0.000 s
[2018.10.24-18.26.05:838][  0]LogFileCache: Scanning file cache for directory 'F:/New Meditation/Meditation_VR_1/Content/' took 0.36s
[2018.10.24-18.26.11:326][  0]SourceControl: Source control is disabled
[2018.10.24-18.26.11:326][  0]Cmd: MAP LOAD FILE="../../../Engine/Content/Maps/Templates/Template_Default.umap" TEMPLATE=1 SHOWPROGRESS=1 FEATURELEVEL=3
[2018.10.24-18.26.11:350][  0]LightingResults: New page: Lighting Build
[2018.10.24-18.26.11:358][  0]MapCheck: New page: Map Check
[2018.10.24-18.26.11:359][  0]LightingResults: New page: Lighting Build
[2018.10.24-18.26.12:251][  0]LogAIModule: Creating AISystem for world Untitled_1
[2018.10.24-18.26.12:285][  0]LogEditorServer: Finished looking for orphan Actors (0.000 secs)
[2018.10.24-18.26.12:334][  0]Cmd: MAP CHECKDEP NOCLEARLOG
[2018.10.24-18.26.12:435][  0]MapCheck: Map check complete: 0 Error(s), 0 Warning(s), took 100.178ms to complete.
[2018.10.24-18.26.12:435][  0]LogFileHelpers: Loading map 'Template_Default' took 1.108
[2018.10.24-18.26.12:667][  0]LogSlate: Updating window title bar state: overlay mode, drag disabled, window buttons hidden, title bar hidden
[2018.10.24-18.26.12:697][  0]LogSlate: Updating window title bar state: overlay mode, drag disabled, window buttons hidden, title bar hidden
[2018.10.24-18.26.12:726][  0]LogSlate: Updating window title bar state: overlay mode, drag disabled, window buttons hidden, title bar hidden
[2018.10.24-18.26.12:757][  0]LogSlate: Updating window title bar state: overlay mode, drag disabled, window buttons hidden, title bar hidden
[2018.10.24-18.26.12:994][  0]LogCollectionManager: Loaded 0 collections in 0.006962 seconds
[2018.10.24-18.26.13:051][  0]LogFileCache: Scanning file cache for directory 'F:/New Meditation/Meditation_VR_1/Saved/Collections/' took 0.01s
[2018.10.24-18.26.13:051][  0]LogFileCache: Scanning file cache for directory 'F:/New Meditation/Meditation_VR_1/Content/Developers/Aidan/Collections/' took 0.01s
[2018.10.24-18.26.13:051][  0]LogFileCache: Scanning file cache for directory 'F:/New Meditation/Meditation_VR_1/Content/Collections/' took 0.01s
[2018.10.24-18.26.13:051][  0]LogCollectionManager: Rebuilt the GUID cache for 0 collections in 0.000001 seconds
[2018.10.24-18.26.13:087][  0]LogContentBrowser: Native class hierarchy populated in 0.0346 seconds. Added 2624 classes and 633 folders.
[2018.10.24-18.26.13:104][  0]LogContentBrowser: Native class hierarchy updated for 'WidgetCarousel' in 0.0008 seconds. Added 0 classes and 0 folders.
[2018.10.24-18.26.14:739][  0]LogContentBrowser: Native class hierarchy updated for 'AddContentDialog' in 0.0006 seconds. Added 0 classes and 0 folders.
[2018.10.24-18.26.14:782][  0]LogSlate: Took 0.032439 seconds to synchronously load lazily loaded font '../../../Engine/Content/Slate/Fonts/Roboto-Regular.ttf' (155K)
[2018.10.24-18.26.14:808][  0]LogSlate: Took 0.022325 seconds to synchronously load lazily loaded font '../../../Engine/Content/Slate/Fonts/Roboto-Bold.ttf' (160K)
[2018.10.24-18.26.14:857][  0]LogSlate: Took 0.036564 seconds to synchronously load lazily loaded font '../../../Engine/Content/Editor/Slate/Fonts/FontAwesome.ttf' (139K)
[2018.10.24-18.26.15:351][  0]LogRenderer: Reallocating scene render targets to support 836x380 Format 10 NumSamples 1 (Frame:1).
[2018.10.24-18.26.15:609][  0]LogContentBrowser: Native class hierarchy updated for 'HierarchicalLODOutliner' in 0.0012 seconds. Added 0 classes and 0 folders.
[2018.10.24-18.26.15:609][  0]LogLoad: (Engine Initialization) Total time: 50.07 seconds
[2018.10.24-18.26.15:609][  0]LogLoad: (Engine Initialization) Total Blueprint compile time: 0.00 seconds
[2018.10.24-18.26.15:633][  0]LogWindowsTextInputMethodSystem: Display: IME system now deactivated.
[2018.10.24-18.26.15:675][  0]LogContentStreaming: Texture pool size now 1000 MB
[2018.10.24-18.26.16:000][  3]LogAssetRegistry: Asset discovery search completed in 41.2520 seconds
[2018.10.24-18.26.16:004][  3]LogCollectionManager: Rebuilt the object cache for 0 collections in 0.000000 seconds (found 0 objects)
[2018.10.24-18.26.16:004][  3]LogCollectionManager: Fixed up redirectors for 0 collections in 0.000084 seconds (updated 0 objects)
[2018.10.24-18.26.19:304][ 13]LogSlate: FSceneViewport::OnFocusLost() reason 0
[2018.10.24-18.26.19:812][ 40]LogSlate: Took 0.007289 seconds to synchronously load lazily loaded font '../../../Engine/Content/Slate/Fonts/Roboto-Light.ttf' (167K)
[2018.10.24-18.26.46:661][195]LogSlate: Window 'Meditation_VR_1 - Unreal Editor' being destroyed
[2018.10.24-18.26.46:663][195]LogWindowsTextInputMethodSystem: Display: IME system now deactivated.
[2018.10.24-18.26.47:029][196]Cmd: QUIT_EDITOR
[2018.10.24-18.26.47:134][196]LogExit: Preparing to exit.
[2018.10.24-18.26.47:364][196]LogExit: Editor shut down
[2018.10.24-18.26.47:367][196]LogExit: Transaction tracking system shut down
[2018.10.24-18.26.49:294][196]LogExit: Object subsystem successfully closed.
[2018.10.24-18.26.49:310][196]LogShaderCompilers: Display: Shaders left to compile 0
[2018.10.24-18.26.49:315][196]LogD3D11RHI: Shutdown
[2018.10.24-18.26.49:315][196]LogD3D11RHI: CleanupD3DDevice
[2018.10.24-18.26.49:321][196]LogD3D11RHI: ~FD3D11DynamicRHI
[2018.10.24-18.26.49:381][196]LogModuleManager: Shutting down and abandoning module HierarchicalLODOutliner (632)
[2018.10.24-18.26.49:382][196]LogModuleManager: Shutting down and abandoning module AddContentDialog (630)
[2018.10.24-18.26.49:382][196]LogModuleManager: Shutting down and abandoning module WidgetCarousel (629)
[2018.10.24-18.26.49:382][196]LogModuleManager: Shutting down and abandoning module EditorWidgets (626)
[2018.10.24-18.26.49:382][196]LogModuleManager: Shutting down and abandoning module CollectionManager (624)
[2018.10.24-18.26.49:383][196]LogModuleManager: Shutting down and abandoning module SceneOutliner (622)
[2018.10.24-18.26.49:383][196]LogModuleManager: Shutting down and abandoning module HierarchicalLODUtilities (620)
[2018.10.24-18.26.49:383][196]LogModuleManager: Shutting down and abandoning module StatsViewer (618)
[2018.10.24-18.26.49:383][196]LogModuleManager: Shutting down and abandoning module FoliageEdit (616)
[2018.10.24-18.26.49:383][196]LogModuleManager: Shutting down and abandoning module LandscapeEditor (614)
[2018.10.24-18.26.49:383][196]LogModuleManager: Shutting down and abandoning module MeshPaintMode (612)
[2018.10.24-18.26.49:383][196]LogModuleManager: Shutting down and abandoning module SceneDepthPickerMode (610)
[2018.10.24-18.26.49:383][196]LogModuleManager: Shutting down and abandoning module ActorPickerMode (608)
[2018.10.24-18.26.49:383][196]LogModuleManager: Shutting down and abandoning module GeometryMode (606)
[2018.10.24-18.26.49:383][196]LogModuleManager: Shutting down and abandoning module TextureAlignMode (604)
[2018.10.24-18.26.49:383][196]LogModuleManager: Shutting down and abandoning module BspMode (602)
[2018.10.24-18.26.49:383][196]LogModuleManager: Shutting down and abandoning module PIEPreviewDeviceProfileSelector (600)
[2018.10.24-18.26.49:383][196]LogModuleManager: Shutting down and abandoning module SequenceRecorderSections (598)
[2018.10.24-18.26.49:384][196]LogModuleManager: Shutting down and abandoning module AutomationWorker (596)
[2018.10.24-18.26.49:384][196]LogModuleManager: Shutting down and abandoning module DatasmithFBXImporter (594)
[2018.10.24-18.26.49:384][196]LogModuleManager: Shutting down and abandoning module DatasmithDeltaGenImporter (592)
[2018.10.24-18.26.49:384][196]LogModuleManager: Shutting down and abandoning module DatasmithVREDImporter (590)
[2018.10.24-18.26.49:384][196]LogModuleManager: Shutting down and abandoning module AudioCaptureEditor (588)
[2018.10.24-18.26.49:384][196]LogModuleManager: Shutting down and abandoning module SequenceRecorder (587)
[2018.10.24-18.26.49:384][196]LogModuleManager: Shutting down and abandoning module MatineeToLevelSequence (584)
[2018.10.24-18.26.49:384][196]LogModuleManager: Shutting down and abandoning module LevelSequenceEditor (582)
[2018.10.24-18.26.49:384][196]LogModuleManager: Shutting down and abandoning module PlacementMode (581)
[2018.10.24-18.26.49:384][196]LogModuleManager: Shutting down and abandoning module MaterialEditor (580)
[2018.10.24-18.26.49:384][196]LogModuleManager: Shutting down and abandoning module WmfMediaFactory (576)
[2018.10.24-18.26.49:384][196]LogModuleManager: Shutting down and abandoning module WmfMediaEditor (574)
[2018.10.24-18.26.49:384][196]LogModuleManager: Shutting down and abandoning module MediaPlayerEditor (572)
[2018.10.24-18.26.49:384][196]LogModuleManager: Shutting down and abandoning module OpenExrWrapper (570)
[2018.10.24-18.26.49:384][196]LogModuleManager: Shutting down and abandoning module ImgMediaFactory (568)
[2018.10.24-18.26.49:384][196]LogModuleManager: Shutting down and abandoning module ImgMediaEditor (566)
[2018.10.24-18.26.49:384][196]LogModuleManager: Shutting down and abandoning module AvfMediaFactory (564)
[2018.10.24-18.26.49:384][196]LogModuleManager: Shutting down and abandoning module AvfMediaEditor (562)
[2018.10.24-18.26.49:384][196]LogModuleManager: Shutting down and abandoning module AndroidMediaFactory (560)
[2018.10.24-18.26.49:384][196]LogModuleManager: Shutting down and abandoning module AndroidMediaEditor (558)
[2018.10.24-18.26.49:384][196]LogModuleManager: Shutting down and abandoning module MagicLeapCameraPreviewFactory (556)
[2018.10.24-18.26.49:384][196]LogModuleManager: Shutting down and abandoning module MagicLeapMediaFactory (554)
[2018.10.24-18.26.49:385][196]LogModuleManager: Shutting down and abandoning module MagicLeapMediaEditor (552)
[2018.10.24-18.26.49:385][196]LogModuleManager: Shutting down and abandoning module CharacterAI (550)
[2018.10.24-18.26.49:385][196]LogModuleManager: Shutting down and abandoning module SmartSnapping (548)
[2018.10.24-18.26.49:385][196]LogModuleManager: Shutting down and abandoning module SessionServices (546)
[2018.10.24-18.26.49:385][196]LogModuleManager: Shutting down and abandoning module ViewportSnapping (544)
[2018.10.24-18.26.49:385][196]LogModuleManager: Shutting down and abandoning module ViewportInteraction (542)
[2018.10.24-18.26.49:385][196]LogModuleManager: Shutting down and abandoning module ClothPainter (540)
[2018.10.24-18.26.49:385][196]LogModuleManager: Shutting down and abandoning module SkeletalMeshEditor (539)
[2018.10.24-18.26.49:385][196]LogModuleManager: Shutting down and abandoning module LogVisualizer (536)
[2018.10.24-18.26.49:385][196]LogModuleManager: Shutting down and abandoning module IntroTutorials (534)
[2018.10.24-18.26.49:385][196]LogModuleManager: Shutting down and abandoning module GameProjectGeneration (533)
[2018.10.24-18.26.49:385][196]LogModuleManager: Shutting down and abandoning module LuminPlatformEditor (530)
[2018.10.24-18.26.49:385][196]LogModuleManager: Shutting down and abandoning module IOSPlatformEditor (528)
[2018.10.24-18.26.49:385][196]LogModuleManager: Shutting down and abandoning module HTML5PlatformEditor (526)
[2018.10.24-18.26.49:386][196]LogModuleManager: Shutting down and abandoning module AndroidPlatformEditor (524)
[2018.10.24-18.26.49:386][196]LogModuleManager: Shutting down and abandoning module AndroidDeviceDetection (523)
[2018.10.24-18.26.49:649][196]LogModuleManager: Shutting down and abandoning module WindowsPlatformEditor (520)
[2018.10.24-18.26.49:649][196]LogModuleManager: Shutting down and abandoning module LuminRuntimeSettings (518)
[2018.10.24-18.26.49:650][196]LogModuleManager: Shutting down and abandoning module IOSRuntimeSettings (516)
[2018.10.24-18.26.49:650][196]LogModuleManager: Shutting down and abandoning module AndroidRuntimeSettings (514)
[2018.10.24-18.26.49:650][196]LogModuleManager: Shutting down and abandoning module InputBindingEditor (512)
[2018.10.24-18.26.49:650][196]LogModuleManager: Shutting down and abandoning module MergeActors (510)
[2018.10.24-18.26.49:650][196]LogModuleManager: Shutting down and abandoning module LocalizationDashboard (508)
[2018.10.24-18.26.49:650][196]LogModuleManager: Shutting down and abandoning module LocalizationService (507)
[2018.10.24-18.26.49:650][196]LogModuleManager: Shutting down and abandoning module HardwareTargeting (504)
[2018.10.24-18.26.49:650][196]LogModuleManager: Shutting down and abandoning module DeviceProfileEditor (502)
[2018.10.24-18.26.49:650][196]LogModuleManager: Shutting down and abandoning module UndoHistory (500)
[2018.10.24-18.26.49:650][196]LogModuleManager: Shutting down and abandoning module XmlParser (498)
[2018.10.24-18.26.49:650][196]LogModuleManager: Shutting down and abandoning module Blutility (496)
[2018.10.24-18.26.49:650][196]LogModuleManager: Shutting down and abandoning module ProjectSettingsViewer (494)
[2018.10.24-18.26.49:650][196]LogModuleManager: Shutting down and abandoning module ProjectTargetPlatformEditor (493)
[2018.10.24-18.26.49:650][196]LogModuleManager: Shutting down and abandoning module EditorSettingsViewer (490)
[2018.10.24-18.26.49:650][196]LogModuleManager: Shutting down and abandoning module SettingsEditor (488)
[2018.10.24-18.26.49:650][196]LogModuleManager: Shutting down and abandoning module ProjectLauncher (486)
[2018.10.24-18.26.49:650][196]LogModuleManager: Shutting down and abandoning module SessionFrontend (484)
[2018.10.24-18.26.49:650][196]LogModuleManager: Shutting down and abandoning module ProfilerClient (482)
[2018.10.24-18.26.49:650][196]LogModuleManager: Shutting down and abandoning module DeviceManager (480)
[2018.10.24-18.26.49:650][196]LogModuleManager: Shutting down and abandoning module TargetDeviceServices (479)
[2018.10.24-18.26.49:702][196]LogModuleManager: Shutting down and abandoning module AutomationController (476)
[2018.10.24-18.26.49:702][196]LogModuleManager: Shutting down and abandoning module AutomationWindow (474)
[2018.10.24-18.26.49:702][196]LogModuleManager: Shutting down and abandoning module Layers (472)
[2018.10.24-18.26.49:702][196]LogModuleManager: Shutting down and abandoning module ComponentVisualizers (470)
[2018.10.24-18.26.49:703][196]LogModuleManager: Shutting down and abandoning module DetailCustomizations (468)
[2018.10.24-18.26.49:703][196]LogModuleManager: Shutting down and abandoning module PackagesDialog (466)
[2018.10.24-18.26.49:703][196]LogModuleManager: Shutting down and abandoning module Persona (464)
[2018.10.24-18.26.49:703][196]LogModuleManager: Shutting down and abandoning module AnimGraph (463)
[2018.10.24-18.26.49:703][196]LogModuleManager: Shutting down and abandoning module Kismet (460)
[2018.10.24-18.26.49:704][196]LogModuleManager: Shutting down and abandoning module GraphEditor (458)
[2018.10.24-18.26.49:704][196]LogModuleManager: Shutting down and abandoning module ClassViewer (456)
[2018.10.24-18.26.49:704][196]LogModuleManager: Shutting down and abandoning module Toolbox (454)
[2018.10.24-18.26.49:704][196]LogModuleManager: Shutting down and abandoning module DesktopPlatform (453)
[2018.10.24-18.26.49:704][196]LogModuleManager: Shutting down and abandoning module ModuleUI (450)
[2018.10.24-18.26.49:704][196]LogModuleManager: Shutting down and abandoning module MovieSceneTools (448)
[2018.10.24-18.26.49:704][196]LogModuleManager: Shutting down and abandoning module OutputLog (446)
[2018.10.24-18.26.49:704][196]LogModuleManager: Shutting down and abandoning module GammaUI (444)
[2018.10.24-18.26.49:704][196]LogModuleManager: Shutting down and abandoning module Documentation (442)
[2018.10.24-18.26.49:704][196]LogModuleManager: Shutting down and abandoning module MovieSceneTracks (440)
[2018.10.24-18.26.49:704][196]LogModuleManager: Shutting down and abandoning module MovieScene (438)
[2018.10.24-18.26.49:704][196]LogModuleManager: Shutting down and abandoning module StreamingPauseRendering (436)
[2018.10.24-18.26.49:704][196]LogModuleManager: Shutting down and abandoning module LauncherPlatform (434)
[2018.10.24-18.26.49:704][196]LogModuleManager: Shutting down and abandoning module AnalyticsET (432)
[2018.10.24-18.26.49:704][196]LogModuleManager: Shutting down and abandoning module PortalServices (430)
[2018.10.24-18.26.49:705][196]LogModuleManager: Shutting down and abandoning module PortalRpc (428)
[2018.10.24-18.26.49:705][196]LogModuleManager: Shutting down and abandoning module MessagingRpc (426)
[2018.10.24-18.26.49:705][196]LogModuleManager: Shutting down and abandoning module AIModule (424)
[2018.10.24-18.26.49:768][196]LogModuleManager: Shutting down and abandoning module GameplayDebugger (423)
[2018.10.24-18.26.49:768][196]LogModuleManager: Shutting down and abandoning module AITestSuite (421)
[2018.10.24-18.26.49:768][196]LogModuleManager: Shutting down and abandoning module NavigationSystem (419)
[2018.10.24-18.26.49:768][196]LogModuleManager: Shutting down and abandoning module ProfilerService (416)
[2018.10.24-18.26.49:997][196]LogModuleManager: Shutting down and abandoning module TaskGraph (414)
[2018.10.24-18.26.49:997][196]LogModuleManager: Shutting down and abandoning module DatasmithCADImporter (412)
[2018.10.24-18.26.50:772][196]LogModuleManager: Shutting down and abandoning module StaticMeshEditorExtension (410)
[2018.10.24-18.26.50:772][196]LogModuleManager: Shutting down and abandoning module StaticMeshEditor (409)
[2018.10.24-18.26.50:772][196]LogModuleManager: Shutting down and abandoning module AdvancedPreviewScene (408)
[2018.10.24-18.26.50:772][196]LogModuleManager: Shutting down and abandoning module DatasmithMDLImporter (404)
[2018.10.24-18.26.50:773][196]LogModuleManager: Shutting down and abandoning module DatasmithImporter (402)
[2018.10.24-18.26.50:773][196]LogModuleManager: Shutting down and abandoning module SteamVRController (400)
[2018.10.24-18.26.50:773][196]LogModuleManager: Shutting down and abandoning module ProceduralMeshComponentEditor (398)
[2018.10.24-18.26.50:773][196]LogModuleManager: Shutting down and abandoning module ProceduralMeshComponent (396)
[2018.10.24-18.26.50:773][196]LogModuleManager: Shutting down and abandoning module OculusInput (394)
[2018.10.24-18.26.50:773][196]LogModuleManager: Shutting down and abandoning module MobilePatchingUtils (392)
[2018.10.24-18.26.50:773][196]LogModuleManager: Shutting down and abandoning module EditableMesh (390)
[2018.10.24-18.26.50:773][196]LogModuleManager: Shutting down and abandoning module CustomMeshComponent (388)
[2018.10.24-18.26.50:773][196]LogModuleManager: Shutting down and abandoning module CableComponent (386)
[2018.10.24-18.26.50:773][196]LogModuleManager: Shutting down and abandoning module AudioCapture (384)
[2018.10.24-18.26.50:774][196]LogModuleManager: Shutting down and abandoning module ArchVisCharacter (382)
[2018.10.24-18.26.50:774][196]LogModuleManager: Shutting down and abandoning module AndroidPermission (380)
[2018.10.24-18.26.50:774][196]LogModuleManager: Shutting down and abandoning module NUTUnrealEngine4 (378)
[2018.10.24-18.26.50:774][196]LogModuleManager: Shutting down and abandoning module NetcodeUnitTest (376)
[2018.10.24-18.26.50:774][196]LogModuleManager: Shutting down and abandoning module MediaCompositingEditor (374)
[2018.10.24-18.26.50:774][196]LogModuleManager: Shutting down and abandoning module MediaCompositing (372)
[2018.10.24-18.26.50:774][196]LogModuleManager: Shutting down and abandoning module LinearTimecode (370)
[2018.10.24-18.26.50:774][196]LogModuleManager: Shutting down and abandoning module ImgMedia (368)
[2018.10.24-18.26.50:781][196]LogModuleManager: Shutting down and abandoning module HTML5Networking (366)
[2018.10.24-18.26.50:781][196]LogModuleManager: Shutting down and abandoning module GeometryCacheTracks (364)
[2018.10.24-18.26.50:781][196]LogModuleManager: Shutting down and abandoning module GeometryCacheSequencer (362)
[2018.10.24-18.26.50:781][196]LogModuleManager: Shutting down and abandoning module BackChannel (360)
[2018.10.24-18.26.50:781][196]LogModuleManager: Shutting down and abandoning module AppleVision (358)
[2018.10.24-18.26.50:781][196]LogModuleManager: Shutting down and abandoning module AppleImageUtils (356)
[2018.10.24-18.26.50:781][196]LogModuleManager: Shutting down and abandoning module AlembicImporter (354)
[2018.10.24-18.26.50:782][196]LogModuleManager: Shutting down and abandoning module AlembicLibrary (353)
[2018.10.24-18.26.50:782][196]LogModuleManager: Shutting down and abandoning module GeometryCache (352)
[2018.10.24-18.26.50:782][196]LogModuleManager: Shutting down and abandoning module GeometryCacheEd (351)
[2018.10.24-18.26.50:782][196]LogModuleManager: Shutting down and abandoning module DatasmithContentEditor (346)
[2018.10.24-18.26.50:782][196]LogModuleManager: Shutting down and abandoning module DatasmithContent (344)
[2018.10.24-18.26.50:795][196]LogModuleManager: Shutting down and abandoning module SpeedTreeImporter (342)
[2018.10.24-18.26.50:795][196]LogModuleManager: Shutting down and abandoning module PluginBrowser (340)
[2018.10.24-18.26.50:795][196]LogModuleManager: Shutting down and abandoning module MobileLauncherProfileWizard (338)
[2018.10.24-18.26.50:795][196]LogModuleManager: Shutting down and abandoning module PolygonModeling (336)
[2018.10.24-18.26.50:795][196]LogModuleManager: Shutting down and abandoning module MeshEditor (334)
[2018.10.24-18.26.50:795][196]LogModuleManager: Shutting down and abandoning module EditorScriptingUtilities (332)
[2018.10.24-18.26.50:795][196]LogModuleManager: Shutting down and abandoning module CryptoKeysOpenSSL (330)
[2018.10.24-18.26.50:795][196]LogModuleManager: Shutting down and abandoning module CryptoKeys (328)
[2018.10.24-18.26.50:795][196]LogModuleManager: Shutting down and abandoning module VisualStudioSourceCodeAccess (326)
[2018.10.24-18.26.50:795][196]LogModuleManager: Shutting down and abandoning module VisualStudioCodeSourceCodeAccess (324)
[2018.10.24-18.26.50:796][196]LogModuleManager: Shutting down and abandoning module UObjectPlugin (322)
[2018.10.24-18.26.50:796][196]LogModuleManager: Shutting down and abandoning module SubversionSourceControl (320)
[2018.10.24-18.26.50:796][196]LogModuleManager: Shutting down and abandoning module PerforceSourceControl (318)
[2018.10.24-18.26.50:796][196]LogModuleManager: Shutting down and abandoning module GitSourceControl (316)
[2018.10.24-18.26.50:796][196]LogModuleManager: Shutting down and abandoning module SourceControl (315)
[2018.10.24-18.26.50:796][196]LogModuleManager: Shutting down and abandoning module CLionSourceCodeAccess (312)
[2018.10.24-18.26.50:796][196]LogModuleManager: Shutting down and abandoning module LightPropagationVolumeEditor (310)
[2018.10.24-18.26.50:796][196]LogModuleManager: Shutting down and abandoning module PaperTiledImporter (308)
[2018.10.24-18.26.50:796][196]LogModuleManager: Shutting down and abandoning module PaperSpriteSheetImporter (306)
[2018.10.24-18.26.50:796][196]LogModuleManager: Shutting down and abandoning module Paper2DEditor (304)
[2018.10.24-18.26.50:796][196]LogModuleManager: Shutting down and abandoning module MeshPaint (303)
[2018.10.24-18.26.50:796][196]LogModuleManager: Shutting down and abandoning module Meditation_VR_1 (300)
[2018.10.24-18.26.50:796][196]LogModuleManager: Shutting down and abandoning module RuntimePhysXCooking (298)
[2018.10.24-18.26.50:796][196]LogModuleManager: Shutting down and abandoning module PhysXVehiclesEditor (296)
[2018.10.24-18.26.50:796][196]LogModuleManager: Shutting down and abandoning module PhysXVehicles (294)
[2018.10.24-18.26.50:797][196]LogModuleManager: Shutting down and abandoning module OculusEditor (292)
[2018.10.24-18.26.50:797][196]LogModuleManager: Shutting down and abandoning module LocationServicesBPLibrary (290)
[2018.10.24-18.26.50:797][196]LogModuleManager: Shutting down and abandoning module ImmediatePhysicsEditor (288)
[2018.10.24-18.26.50:797][196]LogModuleManager: Shutting down and abandoning module ImmediatePhysics (286)
[2018.10.24-18.26.50:797][196]LogModuleManager: Shutting down and abandoning module ActorSequence (284)
[2018.10.24-18.26.50:797][196]LogModuleManager: Shutting down and abandoning module UdpMessaging (282)
[2018.10.24-18.26.50:898][196]LogModuleManager: Shutting down and abandoning module TcpMessaging (280)
[2018.10.24-18.26.50:999][196]LogModuleManager: Shutting down and abandoning module MagicLeapAudio (278)
[2018.10.24-18.26.50:999][196]LogModuleManager: Shutting down and abandoning module GameplayTagsEditor (276)
[2018.10.24-18.26.50:999][196]LogModuleManager: Shutting down and abandoning module FacialAnimationEditor (274)
[2018.10.24-18.26.50:999][196]LogModuleManager: Shutting down and abandoning module FacialAnimation (272)
[2018.10.24-18.26.50:999][196]LogModuleManager: Shutting down and abandoning module DataValidation (270)
[2018.10.24-18.26.50:999][196]LogModuleManager: Shutting down and abandoning module AssetManagerEditor (268)
[2018.10.24-18.26.50:999][196]LogModuleManager: Shutting down and abandoning module LevelEditor (267)
[2018.10.24-18.26.51:001][196]LogModuleManager: Shutting down and abandoning module PixelInspectorModule (266)
[2018.10.24-18.26.51:002][196]LogModuleManager: Shutting down and abandoning module CommonMenuExtensions (264)
[2018.10.24-18.26.51:002][196]LogModuleManager: Shutting down and abandoning module MainFrame (262)
[2018.10.24-18.26.51:002][196]LogModuleManager: Shutting down and abandoning module HotReload (261)
[2018.10.24-18.26.51:004][196]LogModuleManager: Shutting down and abandoning module ContentBrowser (257)
[2018.10.24-18.26.51:007][196]LogModuleManager: Shutting down and abandoning module TreeMap (255)
[2018.10.24-18.26.51:007][196]LogModuleManager: Shutting down and abandoning module LightPropagationVolumeRuntime (252)
[2018.10.24-18.26.51:007][196]LogModuleManager: Shutting down and abandoning module AISupportModule (250)
[2018.10.24-18.26.51:007][196]LogModuleManager: Shutting down and abandoning module Paper2D (248)
[2018.10.24-18.26.51:007][196]LogModuleManager: Shutting down and abandoning module WindowsMoviePlayer (246)
[2018.10.24-18.26.51:007][196]LogModuleManager: Shutting down and abandoning module WmfMedia (244)
[2018.10.24-18.26.51:007][196]LogModuleManager: Shutting down and abandoning module Media (243)
[2018.10.24-18.26.51:014][196]LogModuleManager: Shutting down and abandoning module PacketHandler (240)
[2018.10.24-18.26.51:014][196]LogModuleManager: Shutting down and abandoning module ClothingSystemEditor (238)
[2018.10.24-18.26.51:014][196]LogModuleManager: Shutting down and abandoning module ClothingSystemRuntime (236)
[2018.10.24-18.26.51:014][196]LogModuleManager: Shutting down and abandoning module MediaAssets (234)
[2018.10.24-18.26.51:014][196]LogModuleManager: Shutting down and abandoning module Overlay (232)
[2018.10.24-18.26.51:014][196]LogModuleManager: Shutting down and abandoning module OverlayEditor (231)
[2018.10.24-18.26.51:014][196]LogModuleManager: Shutting down and abandoning module VREditor (228)
[2018.10.24-18.26.51:014][196]LogModuleManager: Shutting down and abandoning module StringTableEditor (226)
[2018.10.24-18.26.51:014][196]LogModuleManager: Shutting down and abandoning module GameplayTasksEditor (224)
[2018.10.24-18.26.51:014][196]LogModuleManager: Shutting down and abandoning module BehaviorTreeEditor (222)
[2018.10.24-18.26.51:014][196]LogModuleManager: Shutting down and abandoning module FunctionalTesting (220)
[2018.10.24-18.26.51:015][196]LogModuleManager: Shutting down and abandoning module CollisionAnalyzer (218)
[2018.10.24-18.26.51:015][196]LogModuleManager: Shutting down and abandoning module WorkspaceMenuStructure (217)
[2018.10.24-18.26.51:015][196]LogModuleManager: Shutting down and abandoning module UMG (214)
[2018.10.24-18.26.51:015][196]LogModuleManager: Shutting down and abandoning module UMGEditor (213)
[2018.10.24-18.26.51:015][196]LogModuleManager: Shutting down and abandoning module Sequencer (212)
[2018.10.24-18.26.51:015][196]LogModuleManager: Shutting down and abandoning module MessageLog (209)
[2018.10.24-18.26.51:015][196]LogModuleManager: Shutting down and abandoning module SlateReflector (204)
[2018.10.24-18.26.51:015][196]LogModuleManager: Shutting down and abandoning module Slate (202)
[2018.10.24-18.26.51:015][196]LogModuleManager: Shutting down and abandoning module EditorStyle (200)
[2018.10.24-18.26.51:020][196]LogModuleManager: Shutting down and abandoning module MRMesh (198)
[2018.10.24-18.26.51:020][196]LogModuleManager: Shutting down and abandoning module SourceCodeAccess (196)
[2018.10.24-18.26.51:020][196]LogModuleManager: Shutting down and abandoning module HeadMountedDisplay (194)
[2018.10.24-18.26.51:020][196]LogModuleManager: Shutting down and abandoning module XAudio2 (192)
[2018.10.24-18.26.51:021][196]LogModuleManager: Shutting down and abandoning module Networking (190)
[2018.10.24-18.26.51:021][196]LogModuleManager: Shutting down and abandoning module Core (188)
[2018.10.24-18.26.51:021][196]LogModuleManager: Shutting down and abandoning module LevelSequence (186)
[2018.10.24-18.26.51:021][196]LogModuleManager: Shutting down and abandoning module KismetCompiler (184)
[2018.10.24-18.26.51:021][196]LogModuleManager: Shutting down and abandoning module MeshUtilities (182)
[2018.10.24-18.26.51:021][196]LogModuleManager: Shutting down and abandoning module MeshMergeUtilities (181)
[2018.10.24-18.26.51:021][196]LogModuleManager: Shutting down and abandoning module MeshReductionInterface (180)
[2018.10.24-18.26.51:021][196]LogModuleManager: Shutting down and abandoning module SimplygonSwarm (179)
[2018.10.24-18.26.51:021][196]LogModuleManager: Shutting down and abandoning module ProxyLODMeshReduction (177)
[2018.10.24-18.26.51:021][196]LogModuleManager: Shutting down and abandoning module SimplygonMeshReduction (175)
[2018.10.24-18.26.51:021][196]LogModuleManager: Shutting down and abandoning module QuadricMeshReduction (173)
[2018.10.24-18.26.51:021][196]LogModuleManager: Shutting down and abandoning module MaterialBaking (169)
[2018.10.24-18.26.51:021][196]LogModuleManager: Shutting down and abandoning module DirectoryWatcher (165)
[2018.10.24-18.26.51:021][196]LogModuleManager: Shutting down and abandoning module DerivedDataCache (162)
[2018.10.24-18.26.51:223][196]LogDerivedDataCache: Shutdown
[2018.10.24-18.26.51:223][196]LogModuleManager: Shutting down and abandoning module XGEController (160)
[2018.10.24-18.26.51:223][196]LogXGEController: Cleaning working directory: C:/Users/Aidan/AppData/Local/Temp/UnrealXGEWorkingDir/
[2018.10.24-18.26.51:224][196]LogModuleManager: Shutting down and abandoning module TargetPlatform (158)
[2018.10.24-18.26.51:224][196]LogModuleManager: Shutting down and abandoning module VulkanShaderFormat (157)
[2018.10.24-18.26.51:224][196]LogModuleManager: Shutting down and abandoning module ShaderFormatVectorVM (155)
[2018.10.24-18.26.51:224][196]LogModuleManager: Shutting down and abandoning module ShaderFormatOpenGL (153)
[2018.10.24-18.26.51:224][196]LogModuleManager: Shutting down and abandoning module ShaderFormatD3D (151)
[2018.10.24-18.26.51:224][196]LogModuleManager: Shutting down and abandoning module MetalShaderFormat (149)
[2018.10.24-18.26.51:224][196]LogModuleManager: Shutting down and abandoning module TextureFormatUncompressed (147)
[2018.10.24-18.26.51:224][196]LogModuleManager: Shutting down and abandoning module TextureFormatPVR (145)
[2018.10.24-18.26.51:224][196]LogModuleManager: Shutting down and abandoning module TextureFormatDXT (143)
[2018.10.24-18.26.51:224][196]LogModuleManager: Shutting down and abandoning module TextureFormatIntelISPCTexComp (141)
[2018.10.24-18.26.51:224][196]LogModuleManager: Shutting down and abandoning module TextureFormatASTC (139)
[2018.10.24-18.26.51:224][196]LogModuleManager: Shutting down and abandoning module ImageWrapper (138)
[2018.10.24-18.26.51:224][196]LogModuleManager: Shutting down and abandoning module TextureFormatAndroid (135)
[2018.10.24-18.26.51:224][196]LogModuleManager: Shutting down and abandoning module AudioFormatOpus (133)
[2018.10.24-18.26.51:224][196]LogModuleManager: Shutting down and abandoning module AudioFormatOgg (131)
[2018.10.24-18.26.51:224][196]LogModuleManager: Shutting down and abandoning module AudioFormatADPCM (129)
[2018.10.24-18.26.51:224][196]LogModuleManager: Shutting down and abandoning module LuminTargetPlatform (127)
[2018.10.24-18.26.51:224][196]LogModuleManager: Shutting down and abandoning module LinuxTargetPlatform (125)
[2018.10.24-18.26.51:225][196]LogModuleManager: Shutting down and abandoning module LinuxServerTargetPlatform (123)
[2018.10.24-18.26.51:225][196]LogModuleManager: Shutting down and abandoning module LinuxNoEditorTargetPlatform (121)
[2018.10.24-18.26.51:225][196]LogModuleManager: Shutting down and abandoning module LinuxClientTargetPlatform (119)
[2018.10.24-18.26.51:225][196]LogModuleManager: Shutting down and abandoning module TVOSTargetPlatform (117)
[2018.10.24-18.26.51:226][196]LogModuleManager: Shutting down and abandoning module Messaging (115)
[2018.10.24-18.26.51:226][196]LogModuleManager: Shutting down and abandoning module IOSTargetPlatform (113)
[2018.10.24-18.26.51:228][196]LogModuleManager: Shutting down and abandoning module HTML5TargetPlatform (111)
[2018.10.24-18.26.51:228][196]LogModuleManager: Shutting down and abandoning module AndroidTargetPlatform (109)
[2018.10.24-18.26.51:242][196]LogModuleManager: Shutting down and abandoning module WindowsTargetPlatform (107)
[2018.10.24-18.26.51:242][196]LogModuleManager: Shutting down and abandoning module WindowsServerTargetPlatform (105)
[2018.10.24-18.26.51:242][196]LogModuleManager: Shutting down and abandoning module WindowsNoEditorTargetPlatform (103)
[2018.10.24-18.26.51:242][196]LogModuleManager: Shutting down and abandoning module WindowsClientTargetPlatform (101)
[2018.10.24-18.26.51:242][196]LogModuleManager: Shutting down and abandoning module MacTargetPlatform (99)
[2018.10.24-18.26.51:242][196]LogModuleManager: Shutting down and abandoning module MacServerTargetPlatform (97)
[2018.10.24-18.26.51:242][196]LogModuleManager: Shutting down and abandoning module MacNoEditorTargetPlatform (95)
[2018.10.24-18.26.51:242][196]LogModuleManager: Shutting down and abandoning module MacClientTargetPlatform (93)
[2018.10.24-18.26.51:242][196]LogModuleManager: Shutting down and abandoning module AllDesktopTargetPlatform (91)
[2018.10.24-18.26.51:242][196]LogModuleManager: Shutting down and abandoning module InputCore (88)
[2018.10.24-18.26.51:242][196]LogModuleManager: Shutting down and abandoning module Settings (86)
[2018.10.24-18.26.51:242][196]LogModuleManager: Shutting down and abandoning module PhysXCooking (84)
[2018.10.24-18.26.51:242][196]LogModuleManager: Shutting down and abandoning module SteamVR (82)
[2018.10.24-18.26.51:242][196]LogModuleManager: Shutting down and abandoning module OculusHMD (80)
[2018.10.24-18.26.51:243][196]LogModuleManager: Shutting down and abandoning module ExampleDeviceProfileSelector (78)
[2018.10.24-18.26.51:243][196]LogModuleManager: Shutting down and abandoning module LauncherChunkInstaller (76)
[2018.10.24-18.26.51:243][196]LogModuleManager: Shutting down and abandoning module OnlineBlueprintSupport (74)
[2018.10.24-18.26.51:243][196]LogModuleManager: Shutting down and abandoning module OnlineSubsystem (70)
[2018.10.24-18.26.51:244][196]LogModuleManager: Shutting down and abandoning module XMPP (65)
[2018.10.24-18.26.51:244][196]LogModuleManager: Shutting down and abandoning module WebSockets (64)
[2018.10.24-18.26.51:250][196]LogModuleManager: Shutting down and abandoning module HTTP (61)
[2018.10.24-18.26.51:250][196]LogHttp: Display: Http module shutting down, but needs to wait on 1 outstanding Http requests:
[2018.10.24-18.26.51:250][196]LogHttp: Display: 	verb=[POST] url=[https://datarouter.ol.epicgames.com/datarouter/api/v1/public/data?SessionID=%7B62155F04-454B-5428-FB64-88B273C28AAD%7D&AppID=UEEditor.Rocket.Release&AppVersion=4.20.3-4369336%2B%2B%2BUE4%2BRelease-4.20&UserID=3a81883f44e69c63fdb1f6b0449e8385%7C393615480ece4529a9b7eecc04ded3f2%7C16bd5672-5b18-4f2b-8542-d67d03b8316f&AppEnvironment=datacollector-binary&UploadType=eteventstream] status=Processing
[2018.10.24-18.26.51:264][196]LogModuleManager: Shutting down and abandoning module SSL (60)
[2018.10.24-18.26.51:266][196]LogModuleManager: Shutting down and abandoning module MagicLeapEmulator (56)
[2018.10.24-18.26.51:266][196]LogModuleManager: Shutting down and abandoning module MagicLeapPrivileges (54)
[2018.10.24-18.26.51:266][196]LogModuleManager: Shutting down and abandoning module MagicLeapIdentity (52)
[2018.10.24-18.26.51:266][196]LogModuleManager: Shutting down and abandoning module MagicLeapHelperVulkan (50)
[2018.10.24-18.26.51:266][196]LogModuleManager: Shutting down and abandoning module MagicLeapHelperOpenGL (48)
[2018.10.24-18.26.51:266][196]LogModuleManager: Shutting down and abandoning module MagicLeapSecureStorage (46)
[2018.10.24-18.26.51:266][196]LogModuleManager: Shutting down and abandoning module MagicLeapGestures (44)
[2018.10.24-18.26.51:266][196]LogModuleManager: Shutting down and abandoning module MagicLeapEyeTracker (42)
[2018.10.24-18.26.51:266][196]LogModuleManager: Shutting down and abandoning module MagicLeapController (40)
[2018.10.24-18.26.51:267][196]LogSlate: Slate User Destroyed.  User Index 0, Is Virtual User: 0
[2018.10.24-18.26.51:267][196]LogModuleManager: Shutting down and abandoning module MagicLeap (38)
[2018.10.24-18.26.51:267][196]LogModuleManager: Shutting down and abandoning module AnimationModifiers (36)
[2018.10.24-18.26.51:267][196]LogModuleManager: Shutting down and abandoning module PropertyEditor (35)
[2018.10.24-18.26.51:267][196]LogModuleManager: Shutting down and abandoning module AudioEditor (32)
[2018.10.24-18.26.51:267][196]LogModuleManager: Shutting down and abandoning module TextureCompressor (30)
[2018.10.24-18.26.51:267][196]LogModuleManager: Shutting down and abandoning module ShaderCore (28)
[2018.10.24-18.26.51:267][196]LogModuleManager: Shutting down and abandoning module Landscape (26)
[2018.10.24-18.26.51:267][196]LogModuleManager: Shutting down and abandoning module SlateRHIRenderer (24)
[2018.10.24-18.26.51:268][196]LogModuleManager: Shutting down and abandoning module OpenGLDrv (22)
[2018.10.24-18.26.51:268][196]LogModuleManager: Shutting down and abandoning module D3D11RHI (20)
[2018.10.24-18.26.51:268][196]LogModuleManager: Shutting down and abandoning module AnimGraphRuntime (18)
[2018.10.24-18.26.51:268][196]LogModuleManager: Shutting down and abandoning module Renderer (16)
[2018.10.24-18.26.51:268][196]LogModuleManager: Shutting down and abandoning module Engine (14)
[2018.10.24-18.26.51:268][196]LogModuleManager: Shutting down and abandoning module CoreUObject (12)
[2018.10.24-18.26.51:268][196]LogModuleManager: Shutting down and abandoning module NetworkFile (10)
[2018.10.24-18.26.51:268][196]LogModuleManager: Shutting down and abandoning module CookedIterativeFile (8)
[2018.10.24-18.26.51:268][196]LogModuleManager: Shutting down and abandoning module StreamingFile (6)
[2018.10.24-18.26.51:269][196]LogModuleManager: Shutting down and abandoning module SandboxFile (4)
[2018.10.24-18.26.51:269][196]LogModuleManager: Shutting down and abandoning module PakFile (2)
[2018.10.24-18.26.51:276][196]LogExit: Exiting.
[2018.10.24-18.26.51:287][196]Log file closed, 10/24/18 19:26:51
